<?xml version="1.0" encoding="UTF-8"?>
<coverage generated="1540147852559" clover="3.2.0">
  <project timestamp="1540147852559" name="All files">
    <metrics statements="308" coveredstatements="189" conditionals="118" coveredconditionals="45" methods="125" coveredmethods="54" elements="551" coveredelements="288" complexity="0" loc="308" ncloc="308" packages="4" files="19" classes="19">
      <package name="components">
        <metrics statements="245" coveredstatements="153" conditionals="86" coveredconditionals="36" methods="88" coveredmethods="40"/>
        <file name="Cam.js" path="/home/something/Documents/repos/it2810-webutvikling-h18-prosjekt-3-gruppe--57/components/Cam.js">
          <metrics statements="20" coveredstatements="9" conditionals="8" coveredconditionals="2" methods="8" coveredmethods="2"/>
          <line num="6" count="2" type="stmt"/>
          <line num="7" count="2" type="stmt"/>
          <line num="12" count="1" type="stmt"/>
          <line num="13" count="1" type="stmt"/>
          <line num="22" count="0" type="cond" truecount="0" falsecount="2"/>
          <line num="23" count="0" type="stmt"/>
          <line num="24" count="0" type="stmt"/>
          <line num="29" count="1" type="stmt"/>
          <line num="30" count="1" type="cond" truecount="1" falsecount="1"/>
          <line num="31" count="0" type="stmt"/>
          <line num="33" count="0" type="stmt"/>
          <line num="37" count="0" type="stmt"/>
          <line num="45" count="0" type="stmt"/>
          <line num="46" count="0" type="stmt"/>
          <line num="47" count="0" type="stmt"/>
          <line num="55" count="0" type="stmt"/>
          <line num="68" count="1" type="cond" truecount="1" falsecount="1"/>
          <line num="69" count="0" type="stmt"/>
          <line num="72" count="1" type="stmt"/>
          <line num="78" count="2" type="stmt"/>
        </file>
        <file name="ModalInspectReminder.js" path="/home/something/Documents/repos/it2810-webutvikling-h18-prosjekt-3-gruppe--57/components/ModalInspectReminder.js">
          <metrics statements="31" coveredstatements="6" conditionals="17" coveredconditionals="3" methods="22" coveredmethods="3"/>
          <line num="20" count="2" type="stmt"/>
          <line num="24" count="2" type="stmt"/>
          <line num="25" count="2" type="stmt"/>
          <line num="39" count="2" type="cond" truecount="2" falsecount="2"/>
          <line num="40" count="2" type="stmt"/>
          <line num="42" count="0" type="stmt"/>
          <line num="46" count="0" type="stmt"/>
          <line num="47" count="0" type="stmt"/>
          <line num="48" count="0" type="stmt"/>
          <line num="51" count="0" type="cond" truecount="0" falsecount="2"/>
          <line num="53" count="0" type="cond" truecount="0" falsecount="2"/>
          <line num="55" count="0" type="cond" truecount="0" falsecount="1"/>
          <line num="57" count="0" type="stmt"/>
          <line num="60" count="0" type="stmt"/>
          <line num="61" count="0" type="cond" truecount="0" falsecount="2"/>
          <line num="62" count="0" type="stmt"/>
          <line num="66" count="2" type="stmt"/>
          <line num="72" count="0" type="stmt"/>
          <line num="76" count="0" type="stmt"/>
          <line num="82" count="0" type="stmt"/>
          <line num="97" count="0" type="stmt"/>
          <line num="120" count="0" type="cond" truecount="0" falsecount="2"/>
          <line num="122" count="0" type="stmt"/>
          <line num="123" count="0" type="cond" truecount="0" falsecount="2"/>
          <line num="125" count="0" type="stmt"/>
          <line num="126" count="0" type="stmt"/>
          <line num="138" count="0" type="stmt"/>
          <line num="146" count="0" type="stmt"/>
          <line num="162" count="0" type="stmt"/>
          <line num="163" count="0" type="stmt"/>
          <line num="172" count="0" type="stmt"/>
        </file>
        <file name="ModalNewReminder.js" path="/home/something/Documents/repos/it2810-webutvikling-h18-prosjekt-3-gruppe--57/components/ModalNewReminder.js">
          <metrics statements="29" coveredstatements="6" conditionals="12" coveredconditionals="2" methods="20" coveredmethods="3"/>
          <line num="18" count="2" type="stmt"/>
          <line num="22" count="1" type="stmt"/>
          <line num="23" count="1" type="stmt"/>
          <line num="41" count="1" type="cond" truecount="2" falsecount="4"/>
          <line num="45" count="1" type="stmt"/>
          <line num="50" count="0" type="stmt"/>
          <line num="53" count="0" type="stmt"/>
          <line num="55" count="0" type="stmt"/>
          <line num="57" count="0" type="stmt"/>
          <line num="59" count="0" type="stmt"/>
          <line num="61" count="0" type="stmt"/>
          <line num="63" count="0" type="stmt"/>
          <line num="66" count="0" type="stmt"/>
          <line num="67" count="0" type="stmt"/>
          <line num="68" count="0" type="stmt"/>
          <line num="72" count="0" type="stmt"/>
          <line num="73" count="0" type="stmt"/>
          <line num="77" count="1" type="stmt"/>
          <line num="83" count="0" type="stmt"/>
          <line num="88" count="0" type="stmt"/>
          <line num="94" count="0" type="stmt"/>
          <line num="110" count="0" type="cond" truecount="0" falsecount="2"/>
          <line num="111" count="0" type="stmt"/>
          <line num="126" count="0" type="cond" truecount="0" falsecount="2"/>
          <line num="127" count="0" type="cond" truecount="0" falsecount="2"/>
          <line num="128" count="0" type="stmt"/>
          <line num="136" count="0" type="stmt"/>
          <line num="148" count="0" type="stmt"/>
          <line num="155" count="0" type="stmt"/>
        </file>
        <file name="ModalWelcome.js" path="/home/something/Documents/repos/it2810-webutvikling-h18-prosjekt-3-gruppe--57/components/ModalWelcome.js">
          <metrics statements="10" coveredstatements="7" conditionals="2" coveredconditionals="1" methods="5" coveredmethods="3"/>
          <line num="12" count="1" type="stmt"/>
          <line num="14" count="1" type="stmt"/>
          <line num="18" count="1" type="stmt"/>
          <line num="19" count="1" type="stmt"/>
          <line num="28" count="1" type="cond" truecount="1" falsecount="1"/>
          <line num="29" count="1" type="stmt"/>
          <line num="31" count="0" type="stmt"/>
          <line num="35" count="1" type="stmt"/>
          <line num="41" count="0" type="stmt"/>
          <line num="72" count="0" type="stmt"/>
        </file>
        <file name="Score.js" path="/home/something/Documents/repos/it2810-webutvikling-h18-prosjekt-3-gruppe--57/components/Score.js">
          <metrics statements="38" coveredstatements="34" conditionals="15" coveredconditionals="9" methods="3" coveredmethods="3"/>
          <line num="7" count="1" type="stmt"/>
          <line num="8" count="1" type="stmt"/>
          <line num="9" count="1" type="stmt"/>
          <line num="10" count="1" type="stmt"/>
          <line num="11" count="1" type="stmt"/>
          <line num="12" count="1" type="stmt"/>
          <line num="13" count="1" type="stmt"/>
          <line num="15" count="1" type="stmt"/>
          <line num="16" count="1" type="stmt"/>
          <line num="17" count="1" type="cond" truecount="1" falsecount="1"/>
          <line num="18" count="1" type="cond" truecount="1" falsecount="1"/>
          <line num="19" count="1" type="cond" truecount="1" falsecount="1"/>
          <line num="20" count="1" type="cond" truecount="1" falsecount="1"/>
          <line num="21" count="1" type="stmt"/>
          <line num="22" count="1" type="cond" truecount="1" falsecount="1"/>
          <line num="23" count="1" type="stmt"/>
          <line num="24" count="1" type="stmt"/>
          <line num="25" count="1" type="stmt"/>
          <line num="26" count="1" type="stmt"/>
          <line num="27" count="1" type="stmt"/>
          <line num="28" count="1" type="stmt"/>
          <line num="30" count="0" type="stmt"/>
          <line num="36" count="2" type="stmt"/>
          <line num="37" count="2" type="stmt"/>
          <line num="38" count="2" type="cond" truecount="2" falsecount="0"/>
          <line num="39" count="1" type="stmt"/>
          <line num="40" count="1" type="stmt"/>
          <line num="41" count="1" type="cond" truecount="1" falsecount="1"/>
          <line num="42" count="1" type="stmt"/>
          <line num="43" count="1" type="stmt"/>
          <line num="45" count="0" type="stmt"/>
          <line num="47" count="0" type="stmt"/>
          <line num="52" count="1" type="stmt"/>
          <line num="53" count="1" type="stmt"/>
          <line num="54" count="1" type="stmt"/>
          <line num="55" count="1" type="stmt"/>
          <line num="57" count="0" type="stmt"/>
          <line num="63" count="8" type="stmt"/>
        </file>
        <file name="Storage.js" path="/home/something/Documents/repos/it2810-webutvikling-h18-prosjekt-3-gruppe--57/components/Storage.js">
          <metrics statements="64" coveredstatements="56" conditionals="10" coveredconditionals="9" methods="15" coveredmethods="15"/>
          <line num="7" count="25" type="stmt"/>
          <line num="8" count="25" type="stmt"/>
          <line num="9" count="25" type="stmt"/>
          <line num="11" count="0" type="stmt"/>
          <line num="16" count="11" type="stmt"/>
          <line num="17" count="11" type="stmt"/>
          <line num="19" count="0" type="stmt"/>
          <line num="24" count="11" type="stmt"/>
          <line num="25" count="11" type="stmt"/>
          <line num="26" count="11" type="stmt"/>
          <line num="27" count="11" type="stmt"/>
          <line num="28" count="33" type="cond" truecount="2" falsecount="0"/>
          <line num="30" count="11" type="stmt"/>
          <line num="32" count="0" type="stmt"/>
          <line num="37" count="1" type="stmt"/>
          <line num="38" count="1" type="stmt"/>
          <line num="39" count="1" type="stmt"/>
          <line num="40" count="1" type="stmt"/>
          <line num="41" count="1" type="cond" truecount="1" falsecount="1"/>
          <line num="42" count="1" type="stmt"/>
          <line num="44" count="1" type="stmt"/>
          <line num="51" count="0" type="stmt"/>
          <line num="56" count="1" type="stmt"/>
          <line num="57" count="1" type="stmt"/>
          <line num="58" count="1" type="stmt"/>
          <line num="59" count="3" type="stmt"/>
          <line num="61" count="1" type="stmt"/>
          <line num="62" count="3" type="cond" truecount="2" falsecount="0"/>
          <line num="64" count="1" type="stmt"/>
          <line num="65" count="1" type="stmt"/>
          <line num="67" count="0" type="stmt"/>
          <line num="72" count="1" type="stmt"/>
          <line num="73" count="1" type="stmt"/>
          <line num="74" count="1" type="stmt"/>
          <line num="75" count="10" type="stmt"/>
          <line num="78" count="0" type="stmt"/>
          <line num="86" count="2" type="stmt"/>
          <line num="87" count="2" type="stmt"/>
          <line num="88" count="2" type="stmt"/>
          <line num="89" count="2" type="stmt"/>
          <line num="90" count="2" type="stmt"/>
          <line num="92" count="0" type="stmt"/>
          <line num="98" count="4" type="stmt"/>
          <line num="99" count="4" type="stmt"/>
          <line num="100" count="4" type="stmt"/>
          <line num="101" count="4" type="stmt"/>
          <line num="105" count="7" type="stmt"/>
          <line num="106" count="4" type="stmt"/>
          <line num="107" count="4" type="stmt"/>
          <line num="109" count="0" type="stmt"/>
          <line num="115" count="2" type="stmt"/>
          <line num="116" count="2" type="stmt"/>
          <line num="117" count="2" type="stmt"/>
          <line num="118" count="2" type="cond" truecount="2" falsecount="0"/>
          <line num="119" count="1" type="stmt"/>
          <line num="120" count="1" type="stmt"/>
          <line num="122" count="1" type="stmt"/>
          <line num="123" count="1" type="stmt"/>
          <line num="125" count="2" type="cond" truecount="2" falsecount="0"/>
          <line num="126" count="1" type="stmt"/>
          <line num="127" count="3" type="stmt"/>
          <line num="129" count="1" type="stmt"/>
          <line num="131" count="1" type="stmt"/>
          <line num="136" count="8" type="stmt"/>
        </file>
        <file name="StyledText.js" path="/home/something/Documents/repos/it2810-webutvikling-h18-prosjekt-3-gruppe--57/components/StyledText.js">
          <metrics statements="1" coveredstatements="1" conditionals="0" coveredconditionals="0" methods="1" coveredmethods="1"/>
          <line num="6" count="1" type="stmt"/>
        </file>
        <file name="Util.js" path="/home/something/Documents/repos/it2810-webutvikling-h18-prosjekt-3-gruppe--57/components/Util.js">
          <metrics statements="52" coveredstatements="34" conditionals="22" coveredconditionals="10" methods="14" coveredmethods="10"/>
          <line num="16" count="2" type="stmt"/>
          <line num="17" count="2" type="stmt"/>
          <line num="18" count="2" type="stmt"/>
          <line num="19" count="2" type="stmt"/>
          <line num="20" count="2" type="stmt"/>
          <line num="21" count="6" type="stmt"/>
          <line num="23" count="2" type="stmt"/>
          <line num="24" count="6" type="stmt"/>
          <line num="26" count="2" type="stmt"/>
          <line num="27" count="6" type="stmt"/>
          <line num="29" count="2" type="stmt"/>
          <line num="30" count="18" type="stmt"/>
          <line num="32" count="2" type="stmt"/>
          <line num="33" count="18" type="cond" truecount="2" falsecount="0"/>
          <line num="34" count="6" type="stmt"/>
          <line num="35" count="6" type="stmt"/>
          <line num="37" count="12" type="stmt"/>
          <line num="38" count="12" type="stmt"/>
          <line num="41" count="2" type="stmt"/>
          <line num="47" count="1" type="stmt"/>
          <line num="54" count="1" type="stmt"/>
          <line num="55" count="1" type="cond" truecount="2" falsecount="2"/>
          <line num="56" count="0" type="stmt"/>
          <line num="57" count="0" type="stmt"/>
          <line num="59" count="1" type="stmt"/>
          <line num="60" count="1" type="stmt"/>
          <line num="73" count="1" type="stmt"/>
          <line num="78" count="0" type="stmt"/>
          <line num="79" count="0" type="stmt"/>
          <line num="80" count="0" type="stmt"/>
          <line num="85" count="0" type="stmt"/>
          <line num="86" count="0" type="cond" truecount="0" falsecount="4"/>
          <line num="87" count="0" type="stmt"/>
          <line num="88" count="0" type="stmt"/>
          <line num="90" count="0" type="stmt"/>
          <line num="96" count="0" type="stmt"/>
          <line num="97" count="0" type="stmt"/>
          <line num="107" count="0" type="stmt"/>
          <line num="108" count="0" type="cond" truecount="0" falsecount="4"/>
          <line num="109" count="0" type="stmt"/>
          <line num="110" count="0" type="stmt"/>
          <line num="112" count="0" type="stmt"/>
          <line num="118" count="2" type="stmt"/>
          <line num="119" count="2" type="cond" truecount="2" falsecount="2"/>
          <line num="120" count="0" type="stmt"/>
          <line num="122" count="2" type="stmt"/>
          <line num="123" count="62" type="stmt"/>
          <line num="124" count="62" type="stmt"/>
          <line num="125" count="62" type="cond" truecount="2" falsecount="0"/>
          <line num="130" count="6" type="stmt"/>
          <line num="131" count="6" type="cond" truecount="2" falsecount="0"/>
          <line num="136" count="8" type="stmt"/>
        </file>
      </package>
      <package name="constants">
        <metrics statements="3" coveredstatements="3" conditionals="0" coveredconditionals="0" methods="0" coveredmethods="0"/>
        <file name="Colors.js" path="/home/something/Documents/repos/it2810-webutvikling-h18-prosjekt-3-gruppe--57/constants/Colors.js">
          <metrics statements="1" coveredstatements="1" conditionals="0" coveredconditionals="0" methods="0" coveredmethods="0"/>
          <line num="2" count="6" type="stmt"/>
        </file>
        <file name="Layout.js" path="/home/something/Documents/repos/it2810-webutvikling-h18-prosjekt-3-gruppe--57/constants/Layout.js">
          <metrics statements="2" coveredstatements="2" conditionals="0" coveredconditionals="0" methods="0" coveredmethods="0"/>
          <line num="3" count="6" type="stmt"/>
          <line num="4" count="6" type="stmt"/>
        </file>
      </package>
      <package name="screens">
        <metrics statements="48" coveredstatements="21" conditionals="26" coveredconditionals="3" methods="31" coveredmethods="8"/>
        <file name="Completed.js" path="/home/something/Documents/repos/it2810-webutvikling-h18-prosjekt-3-gruppe--57/screens/Completed.js">
          <metrics statements="11" coveredstatements="4" conditionals="12" coveredconditionals="2" methods="9" coveredmethods="2"/>
          <line num="19" count="1" type="stmt"/>
          <line num="23" count="1" type="stmt"/>
          <line num="24" count="1" type="stmt"/>
          <line num="28" count="0" type="stmt"/>
          <line num="39" count="0" type="stmt"/>
          <line num="40" count="0" type="stmt"/>
          <line num="41" count="0" type="stmt"/>
          <line num="47" count="1" type="stmt"/>
          <line num="61" count="0" type="cond" truecount="0" falsecount="2"/>
          <line num="76" count="0" type="stmt"/>
          <line num="106" count="0" type="stmt"/>
        </file>
        <file name="HomeScreen.js" path="/home/something/Documents/repos/it2810-webutvikling-h18-prosjekt-3-gruppe--57/screens/HomeScreen.js">
          <metrics statements="17" coveredstatements="12" conditionals="2" coveredconditionals="0" methods="8" coveredmethods="3"/>
          <line num="22" count="1" type="stmt"/>
          <line num="23" count="1" type="stmt"/>
          <line num="24" count="1" type="stmt"/>
          <line num="25" count="1" type="stmt"/>
          <line num="26" count="1" type="stmt"/>
          <line num="29" count="0" type="cond" truecount="0" falsecount="1"/>
          <line num="31" count="1" type="stmt"/>
          <line num="34" count="0" type="cond" truecount="0" falsecount="1"/>
          <line num="36" count="1" type="stmt"/>
          <line num="66" count="1" type="stmt"/>
          <line num="70" count="2" type="stmt"/>
          <line num="71" count="2" type="stmt"/>
          <line num="78" count="0" type="stmt"/>
          <line num="88" count="1" type="stmt"/>
          <line num="89" count="0" type="stmt"/>
          <line num="90" count="0" type="stmt"/>
          <line num="101" count="2" type="stmt"/>
        </file>
        <file name="Reminders.js" path="/home/something/Documents/repos/it2810-webutvikling-h18-prosjekt-3-gruppe--57/screens/Reminders.js">
          <metrics statements="20" coveredstatements="5" conditionals="12" coveredconditionals="1" methods="14" coveredmethods="3"/>
          <line num="20" count="1" type="stmt"/>
          <line num="24" count="2" type="stmt"/>
          <line num="25" count="2" type="stmt"/>
          <line num="36" count="0" type="stmt"/>
          <line num="39" count="0" type="stmt"/>
          <line num="50" count="1" type="stmt"/>
          <line num="51" count="0" type="stmt"/>
          <line num="52" count="0" type="stmt"/>
          <line num="53" count="0" type="stmt"/>
          <line num="54" count="0" type="stmt"/>
          <line num="55" count="0" type="stmt"/>
          <line num="58" count="0" type="cond" truecount="0" falsecount="2"/>
          <line num="60" count="0" type="cond" truecount="0" falsecount="2"/>
          <line num="62" count="0" type="stmt"/>
          <line num="65" count="2" type="stmt"/>
          <line num="80" count="0" type="stmt"/>
          <line num="84" count="0" type="stmt"/>
          <line num="111" count="0" type="stmt"/>
          <line num="124" count="0" type="stmt"/>
          <line num="133" count="0" type="stmt"/>
        </file>
      </package>
      <package name="styles">
        <metrics statements="12" coveredstatements="12" conditionals="6" coveredconditionals="6" methods="6" coveredmethods="6"/>
        <file name="CompletedStyle.js" path="/home/something/Documents/repos/it2810-webutvikling-h18-prosjekt-3-gruppe--57/styles/CompletedStyle.js">
          <metrics statements="2" coveredstatements="2" conditionals="1" coveredconditionals="1" methods="1" coveredmethods="1"/>
          <line num="5" count="1" type="stmt"/>
          <line num="81" count="1" type="stmt"/>
        </file>
        <file name="HomeScreenStyle.js" path="/home/something/Documents/repos/it2810-webutvikling-h18-prosjekt-3-gruppe--57/styles/HomeScreenStyle.js">
          <metrics statements="2" coveredstatements="2" conditionals="1" coveredconditionals="1" methods="1" coveredmethods="1"/>
          <line num="6" count="1" type="stmt"/>
          <line num="72" count="1" type="stmt"/>
        </file>
        <file name="ModalInspectStyle.js" path="/home/something/Documents/repos/it2810-webutvikling-h18-prosjekt-3-gruppe--57/styles/ModalInspectStyle.js">
          <metrics statements="2" coveredstatements="2" conditionals="1" coveredconditionals="1" methods="1" coveredmethods="1"/>
          <line num="5" count="2" type="stmt"/>
          <line num="58" count="2" type="stmt"/>
        </file>
        <file name="ModalNewReminderStyle.js" path="/home/something/Documents/repos/it2810-webutvikling-h18-prosjekt-3-gruppe--57/styles/ModalNewReminderStyle.js">
          <metrics statements="2" coveredstatements="2" conditionals="1" coveredconditionals="1" methods="1" coveredmethods="1"/>
          <line num="5" count="2" type="stmt"/>
          <line num="58" count="2" type="stmt"/>
        </file>
        <file name="ModalWelcomeStyle.js" path="/home/something/Documents/repos/it2810-webutvikling-h18-prosjekt-3-gruppe--57/styles/ModalWelcomeStyle.js">
          <metrics statements="2" coveredstatements="2" conditionals="1" coveredconditionals="1" methods="1" coveredmethods="1"/>
          <line num="5" count="1" type="stmt"/>
          <line num="53" count="1" type="stmt"/>
        </file>
        <file name="ReminderStyle.js" path="/home/something/Documents/repos/it2810-webutvikling-h18-prosjekt-3-gruppe--57/styles/ReminderStyle.js">
          <metrics statements="2" coveredstatements="2" conditionals="1" coveredconditionals="1" methods="1" coveredmethods="1"/>
          <line num="5" count="1" type="stmt"/>
          <line num="104" count="1" type="stmt"/>
        </file>
      </package>
    </metrics>
  </project>
</coverage>
