{"/home/something/Documents/repos/it2810-webutvikling-h18-prosjekt-3-gruppe--57/components/Cam.js": {"path":"/home/something/Documents/repos/it2810-webutvikling-h18-prosjekt-3-gruppe--57/components/Cam.js","statementMap":{"0":{"start":{"line":6,"column":18},"end":{"line":6,"column":81}},"1":{"start":{"line":7,"column":12},"end":{"line":7,"column":13}},"2":{"start":{"line":12,"column":8},"end":{"line":12,"column":21}},"3":{"start":{"line":13,"column":8},"end":{"line":18,"column":9}},"4":{"start":{"line":22,"column":8},"end":{"line":25,"column":9}},"5":{"start":{"line":23,"column":28},"end":{"line":23,"column":85}},"6":{"start":{"line":24,"column":12},"end":{"line":24,"column":23}},"7":{"start":{"line":29,"column":30},"end":{"line":29,"column":54}},"8":{"start":{"line":30,"column":8},"end":{"line":73,"column":9}},"9":{"start":{"line":31,"column":12},"end":{"line":66,"column":13}},"10":{"start":{"line":33,"column":88},"end":{"line":33,"column":105}},"11":{"start":{"line":37,"column":36},"end":{"line":39,"column":39}},"12":{"start":{"line":45,"column":36},"end":{"line":48,"column":38}},"13":{"start":{"line":46,"column":40},"end":{"line":46,"column":67}},"14":{"start":{"line":47,"column":40},"end":{"line":47,"column":58}},"15":{"start":{"line":55,"column":36},"end":{"line":59,"column":38}},"16":{"start":{"line":68,"column":13},"end":{"line":73,"column":9}},"17":{"start":{"line":69,"column":12},"end":{"line":69,"column":67}},"18":{"start":{"line":72,"column":12},"end":{"line":72,"column":57}},"19":{"start":{"line":78,"column":15},"end":{"line":103,"column":2}}},"fnMap":{"0":{"name":"(anonymous_0)","decl":{"start":{"line":11,"column":4},"end":{"line":11,"column":5}},"loc":{"start":{"line":11,"column":22},"end":{"line":19,"column":5}},"line":11},"1":{"name":"(anonymous_1)","decl":{"start":{"line":21,"column":11},"end":{"line":21,"column":12}},"loc":{"start":{"line":21,"column":23},"end":{"line":26,"column":5}},"line":21},"2":{"name":"(anonymous_2)","decl":{"start":{"line":28,"column":4},"end":{"line":28,"column":5}},"loc":{"start":{"line":28,"column":13},"end":{"line":74,"column":5}},"line":28},"3":{"name":"(anonymous_3)","decl":{"start":{"line":33,"column":81},"end":{"line":33,"column":82}},"loc":{"start":{"line":33,"column":88},"end":{"line":33,"column":105}},"line":33},"4":{"name":"(anonymous_4)","decl":{"start":{"line":36,"column":41},"end":{"line":36,"column":42}},"loc":{"start":{"line":36,"column":47},"end":{"line":40,"column":33}},"line":36},"5":{"name":"(anonymous_5)","decl":{"start":{"line":44,"column":41},"end":{"line":44,"column":42}},"loc":{"start":{"line":44,"column":47},"end":{"line":49,"column":33}},"line":44},"6":{"name":"(anonymous_6)","decl":{"start":{"line":45,"column":53},"end":{"line":45,"column":54}},"loc":{"start":{"line":45,"column":62},"end":{"line":48,"column":37}},"line":45},"7":{"name":"(anonymous_7)","decl":{"start":{"line":54,"column":41},"end":{"line":54,"column":42}},"loc":{"start":{"line":54,"column":47},"end":{"line":60,"column":33}},"line":54}},"branchMap":{"0":{"loc":{"start":{"line":22,"column":8},"end":{"line":25,"column":9}},"type":"if","locations":[{"start":{"line":22,"column":8},"end":{"line":25,"column":9}},{"start":{"line":22,"column":8},"end":{"line":25,"column":9}}],"line":22},"1":{"loc":{"start":{"line":30,"column":8},"end":{"line":73,"column":9}},"type":"if","locations":[{"start":{"line":30,"column":8},"end":{"line":73,"column":9}},{"start":{"line":30,"column":8},"end":{"line":73,"column":9}}],"line":30},"2":{"loc":{"start":{"line":56,"column":46},"end":{"line":58,"column":70}},"type":"cond-expr","locations":[{"start":{"line":57,"column":44},"end":{"line":57,"column":71}},{"start":{"line":58,"column":44},"end":{"line":58,"column":70}}],"line":56},"3":{"loc":{"start":{"line":68,"column":13},"end":{"line":73,"column":9}},"type":"if","locations":[{"start":{"line":68,"column":13},"end":{"line":73,"column":9}},{"start":{"line":68,"column":13},"end":{"line":73,"column":9}}],"line":68}},"s":{"0":2,"1":2,"2":1,"3":1,"4":0,"5":0,"6":0,"7":1,"8":1,"9":0,"10":0,"11":0,"12":0,"13":0,"14":0,"15":0,"16":1,"17":0,"18":1,"19":2},"f":{"0":1,"1":0,"2":1,"3":0,"4":0,"5":0,"6":0,"7":0},"b":{"0":[0,0],"1":[0,1],"2":[0,0],"3":[0,1]},"_coverageSchema":"332fd63041d2c1bcb487cc26dd0d5f7d97098a6c","hash":"0789c9baaa54c9dc8c09959f02220a4a34fd6c29"}
,"/home/something/Documents/repos/it2810-webutvikling-h18-prosjekt-3-gruppe--57/components/ModalInspectReminder.js": {"path":"/home/something/Documents/repos/it2810-webutvikling-h18-prosjekt-3-gruppe--57/components/ModalInspectReminder.js","statementMap":{"0":{"start":{"line":20,"column":15},"end":{"line":20,"column":29}},"1":{"start":{"line":24,"column":8},"end":{"line":24,"column":21}},"2":{"start":{"line":25,"column":8},"end":{"line":35,"column":10}},"3":{"start":{"line":39,"column":8},"end":{"line":41,"column":9}},"4":{"start":{"line":40,"column":12},"end":{"line":40,"column":76}},"5":{"start":{"line":42,"column":8},"end":{"line":42,"column":27}},"6":{"start":{"line":46,"column":8},"end":{"line":46,"column":90}},"7":{"start":{"line":47,"column":8},"end":{"line":47,"column":29}},"8":{"start":{"line":48,"column":8},"end":{"line":48,"column":35}},"9":{"start":{"line":51,"column":22},"end":{"line":51,"column":166}},"10":{"start":{"line":51,"column":65},"end":{"line":51,"column":165}},"11":{"start":{"line":53,"column":25},"end":{"line":53,"column":181}},"12":{"start":{"line":53,"column":71},"end":{"line":53,"column":180}},"13":{"start":{"line":55,"column":37},"end":{"line":55,"column":106}},"14":{"start":{"line":55,"column":87},"end":{"line":55,"column":105}},"15":{"start":{"line":57,"column":28},"end":{"line":57,"column":66}},"16":{"start":{"line":60,"column":25},"end":{"line":60,"column":65}},"17":{"start":{"line":61,"column":8},"end":{"line":61,"column":80}},"18":{"start":{"line":61,"column":68},"end":{"line":61,"column":80}},"19":{"start":{"line":62,"column":8},"end":{"line":62,"column":21}},"20":{"start":{"line":66,"column":8},"end":{"line":181,"column":10}},"21":{"start":{"line":72,"column":20},"end":{"line":72,"column":47}},"22":{"start":{"line":76,"column":57},"end":{"line":76,"column":91}},"23":{"start":{"line":82,"column":32},"end":{"line":82,"column":48}},"24":{"start":{"line":97,"column":32},"end":{"line":97,"column":51}},"25":{"start":{"line":120,"column":32},"end":{"line":129,"column":33}},"26":{"start":{"line":120,"column":58},"end":{"line":120,"column":88}},"27":{"start":{"line":122,"column":36},"end":{"line":128,"column":39}},"28":{"start":{"line":123,"column":40},"end":{"line":127,"column":41}},"29":{"start":{"line":123,"column":48},"end":{"line":123,"column":68}},"30":{"start":{"line":125,"column":44},"end":{"line":125,"column":64}},"31":{"start":{"line":126,"column":44},"end":{"line":126,"column":67}},"32":{"start":{"line":138,"column":32},"end":{"line":138,"column":69}},"33":{"start":{"line":146,"column":43},"end":{"line":146,"column":61}},"34":{"start":{"line":162,"column":40},"end":{"line":162,"column":81}},"35":{"start":{"line":163,"column":40},"end":{"line":163,"column":64}},"36":{"start":{"line":172,"column":40},"end":{"line":172,"column":81}}},"fnMap":{"0":{"name":"(anonymous_0)","decl":{"start":{"line":23,"column":4},"end":{"line":23,"column":5}},"loc":{"start":{"line":23,"column":22},"end":{"line":36,"column":5}},"line":23},"1":{"name":"(anonymous_1)","decl":{"start":{"line":38,"column":4},"end":{"line":38,"column":5}},"loc":{"start":{"line":38,"column":58},"end":{"line":43,"column":5}},"line":38},"2":{"name":"(anonymous_2)","decl":{"start":{"line":45,"column":18},"end":{"line":45,"column":19}},"loc":{"start":{"line":45,"column":24},"end":{"line":49,"column":5}},"line":45},"3":{"name":"(anonymous_3)","decl":{"start":{"line":51,"column":16},"end":{"line":51,"column":17}},"loc":{"start":{"line":51,"column":22},"end":{"line":51,"column":166}},"line":51},"4":{"name":"(anonymous_4)","decl":{"start":{"line":51,"column":56},"end":{"line":51,"column":57}},"loc":{"start":{"line":51,"column":65},"end":{"line":51,"column":165}},"line":51},"5":{"name":"(anonymous_5)","decl":{"start":{"line":53,"column":19},"end":{"line":53,"column":20}},"loc":{"start":{"line":53,"column":25},"end":{"line":53,"column":181}},"line":53},"6":{"name":"(anonymous_6)","decl":{"start":{"line":53,"column":62},"end":{"line":53,"column":63}},"loc":{"start":{"line":53,"column":71},"end":{"line":53,"column":180}},"line":53},"7":{"name":"(anonymous_7)","decl":{"start":{"line":55,"column":19},"end":{"line":55,"column":20}},"loc":{"start":{"line":55,"column":37},"end":{"line":55,"column":106}},"line":55},"8":{"name":"(anonymous_8)","decl":{"start":{"line":55,"column":82},"end":{"line":55,"column":83}},"loc":{"start":{"line":55,"column":87},"end":{"line":55,"column":105}},"line":55},"9":{"name":"(anonymous_9)","decl":{"start":{"line":57,"column":22},"end":{"line":57,"column":23}},"loc":{"start":{"line":57,"column":28},"end":{"line":57,"column":66}},"line":57},"10":{"name":"(anonymous_10)","decl":{"start":{"line":59,"column":20},"end":{"line":59,"column":21}},"loc":{"start":{"line":59,"column":37},"end":{"line":63,"column":5}},"line":59},"11":{"name":"(anonymous_11)","decl":{"start":{"line":65,"column":4},"end":{"line":65,"column":5}},"loc":{"start":{"line":65,"column":13},"end":{"line":182,"column":5}},"line":65},"12":{"name":"(anonymous_12)","decl":{"start":{"line":71,"column":32},"end":{"line":71,"column":33}},"loc":{"start":{"line":71,"column":38},"end":{"line":73,"column":17}},"line":71},"13":{"name":"(anonymous_13)","decl":{"start":{"line":76,"column":45},"end":{"line":76,"column":46}},"loc":{"start":{"line":76,"column":55},"end":{"line":76,"column":93}},"line":76},"14":{"name":"(anonymous_14)","decl":{"start":{"line":81,"column":37},"end":{"line":81,"column":38}},"loc":{"start":{"line":81,"column":43},"end":{"line":83,"column":29}},"line":81},"15":{"name":"(anonymous_15)","decl":{"start":{"line":96,"column":37},"end":{"line":96,"column":38}},"loc":{"start":{"line":96,"column":43},"end":{"line":98,"column":29}},"line":96},"16":{"name":"(anonymous_16)","decl":{"start":{"line":119,"column":37},"end":{"line":119,"column":38}},"loc":{"start":{"line":119,"column":43},"end":{"line":130,"column":25}},"line":119},"17":{"name":"(anonymous_17)","decl":{"start":{"line":122,"column":82},"end":{"line":122,"column":83}},"loc":{"start":{"line":122,"column":91},"end":{"line":128,"column":37}},"line":122},"18":{"name":"(anonymous_18)","decl":{"start":{"line":137,"column":37},"end":{"line":137,"column":38}},"loc":{"start":{"line":137,"column":43},"end":{"line":139,"column":29}},"line":137},"19":{"name":"(anonymous_19)","decl":{"start":{"line":146,"column":37},"end":{"line":146,"column":38}},"loc":{"start":{"line":146,"column":43},"end":{"line":146,"column":61}},"line":146},"20":{"name":"(anonymous_20)","decl":{"start":{"line":161,"column":45},"end":{"line":161,"column":46}},"loc":{"start":{"line":161,"column":51},"end":{"line":164,"column":37}},"line":161},"21":{"name":"(anonymous_21)","decl":{"start":{"line":171,"column":45},"end":{"line":171,"column":46}},"loc":{"start":{"line":171,"column":51},"end":{"line":173,"column":37}},"line":171}},"branchMap":{"0":{"loc":{"start":{"line":39,"column":8},"end":{"line":41,"column":9}},"type":"if","locations":[{"start":{"line":39,"column":8},"end":{"line":41,"column":9}},{"start":{"line":39,"column":8},"end":{"line":41,"column":9}}],"line":39},"1":{"loc":{"start":{"line":39,"column":12},"end":{"line":39,"column":94}},"type":"binary-expr","locations":[{"start":{"line":39,"column":12},"end":{"line":39,"column":61}},{"start":{"line":39,"column":65},"end":{"line":39,"column":94}}],"line":39},"2":{"loc":{"start":{"line":51,"column":65},"end":{"line":51,"column":165}},"type":"cond-expr","locations":[{"start":{"line":51,"column":71},"end":{"line":51,"column":114}},{"start":{"line":51,"column":117},"end":{"line":51,"column":165}}],"line":51},"3":{"loc":{"start":{"line":53,"column":71},"end":{"line":53,"column":180}},"type":"cond-expr","locations":[{"start":{"line":53,"column":77},"end":{"line":53,"column":126}},{"start":{"line":53,"column":129},"end":{"line":53,"column":180}}],"line":53},"4":{"loc":{"start":{"line":55,"column":20},"end":{"line":55,"column":32}},"type":"default-arg","locations":[{"start":{"line":55,"column":27},"end":{"line":55,"column":32}}],"line":55},"5":{"loc":{"start":{"line":61,"column":8},"end":{"line":61,"column":80}},"type":"if","locations":[{"start":{"line":61,"column":8},"end":{"line":61,"column":80}},{"start":{"line":61,"column":8},"end":{"line":61,"column":80}}],"line":61},"6":{"loc":{"start":{"line":109,"column":25},"end":{"line":114,"column":26}},"type":"cond-expr","locations":[{"start":{"line":109,"column":56},"end":{"line":109,"column":64}},{"start":{"line":109,"column":67},"end":{"line":114,"column":26}}],"line":109},"7":{"loc":{"start":{"line":120,"column":32},"end":{"line":129,"column":33}},"type":"if","locations":[{"start":{"line":120,"column":32},"end":{"line":129,"column":33}},{"start":{"line":120,"column":32},"end":{"line":129,"column":33}}],"line":120},"8":{"loc":{"start":{"line":123,"column":40},"end":{"line":127,"column":41}},"type":"if","locations":[{"start":{"line":123,"column":40},"end":{"line":127,"column":41}},{"start":{"line":123,"column":40},"end":{"line":127,"column":41}}],"line":123}},"s":{"0":2,"1":2,"2":2,"3":2,"4":2,"5":0,"6":0,"7":0,"8":0,"9":0,"10":0,"11":0,"12":0,"13":0,"14":0,"15":0,"16":0,"17":0,"18":0,"19":0,"20":2,"21":0,"22":0,"23":0,"24":0,"25":0,"26":0,"27":0,"28":0,"29":0,"30":0,"31":0,"32":0,"33":0,"34":0,"35":0,"36":0},"f":{"0":2,"1":2,"2":0,"3":0,"4":0,"5":0,"6":0,"7":0,"8":0,"9":0,"10":0,"11":2,"12":0,"13":0,"14":0,"15":0,"16":0,"17":0,"18":0,"19":0,"20":0,"21":0},"b":{"0":[2,0],"1":[2,0],"2":[0,0],"3":[0,0],"4":[0],"5":[0,0],"6":[2,0],"7":[0,0],"8":[0,0]},"_coverageSchema":"332fd63041d2c1bcb487cc26dd0d5f7d97098a6c","hash":"616843c774bfa2123da750e647292a096dc19bee"}
,"/home/something/Documents/repos/it2810-webutvikling-h18-prosjekt-3-gruppe--57/components/ModalNewReminder.js": {"path":"/home/something/Documents/repos/it2810-webutvikling-h18-prosjekt-3-gruppe--57/components/ModalNewReminder.js","statementMap":{"0":{"start":{"line":18,"column":15},"end":{"line":18,"column":29}},"1":{"start":{"line":22,"column":8},"end":{"line":22,"column":21}},"2":{"start":{"line":23,"column":8},"end":{"line":36,"column":10}},"3":{"start":{"line":41,"column":8},"end":{"line":49,"column":9}},"4":{"start":{"line":45,"column":12},"end":{"line":48,"column":46}},"5":{"start":{"line":50,"column":8},"end":{"line":50,"column":27}},"6":{"start":{"line":53,"column":47},"end":{"line":53,"column":85}},"7":{"start":{"line":55,"column":42},"end":{"line":55,"column":86}},"8":{"start":{"line":57,"column":32},"end":{"line":57,"column":80}},"9":{"start":{"line":59,"column":32},"end":{"line":59,"column":81}},"10":{"start":{"line":61,"column":41},"end":{"line":61,"column":110}},"11":{"start":{"line":63,"column":28},"end":{"line":63,"column":226}},"12":{"start":{"line":63,"column":207},"end":{"line":63,"column":225}},"13":{"start":{"line":66,"column":8},"end":{"line":66,"column":128}},"14":{"start":{"line":67,"column":8},"end":{"line":67,"column":29}},"15":{"start":{"line":68,"column":8},"end":{"line":68,"column":35}},"16":{"start":{"line":72,"column":8},"end":{"line":72,"column":133}},"17":{"start":{"line":73,"column":8},"end":{"line":73,"column":35}},"18":{"start":{"line":77,"column":8},"end":{"line":161,"column":10}},"19":{"start":{"line":83,"column":20},"end":{"line":83,"column":47}},"20":{"start":{"line":88,"column":61},"end":{"line":88,"column":92}},"21":{"start":{"line":94,"column":36},"end":{"line":94,"column":63}},"22":{"start":{"line":110,"column":36},"end":{"line":111,"column":103}},"23":{"start":{"line":110,"column":72},"end":{"line":110,"column":106}},"24":{"start":{"line":111,"column":41},"end":{"line":111,"column":103}},"25":{"start":{"line":126,"column":36},"end":{"line":128,"column":64}},"26":{"start":{"line":126,"column":62},"end":{"line":126,"column":103}},"27":{"start":{"line":127,"column":41},"end":{"line":128,"column":64}},"28":{"start":{"line":127,"column":67},"end":{"line":127,"column":97}},"29":{"start":{"line":128,"column":41},"end":{"line":128,"column":64}},"30":{"start":{"line":136,"column":47},"end":{"line":136,"column":65}},"31":{"start":{"line":148,"column":24},"end":{"line":148,"column":84}},"32":{"start":{"line":155,"column":37},"end":{"line":155,"column":97}}},"fnMap":{"0":{"name":"(anonymous_0)","decl":{"start":{"line":21,"column":4},"end":{"line":21,"column":5}},"loc":{"start":{"line":21,"column":23},"end":{"line":37,"column":5}},"line":21},"1":{"name":"(anonymous_1)","decl":{"start":{"line":39,"column":4},"end":{"line":39,"column":5}},"loc":{"start":{"line":39,"column":58},"end":{"line":51,"column":5}},"line":39},"2":{"name":"(anonymous_2)","decl":{"start":{"line":53,"column":34},"end":{"line":53,"column":35}},"loc":{"start":{"line":53,"column":47},"end":{"line":53,"column":85}},"line":53},"3":{"name":"(anonymous_3)","decl":{"start":{"line":55,"column":29},"end":{"line":55,"column":30}},"loc":{"start":{"line":55,"column":42},"end":{"line":55,"column":86}},"line":55},"4":{"name":"(anonymous_4)","decl":{"start":{"line":57,"column":26},"end":{"line":57,"column":27}},"loc":{"start":{"line":57,"column":32},"end":{"line":57,"column":80}},"line":57},"5":{"name":"(anonymous_5)","decl":{"start":{"line":59,"column":26},"end":{"line":59,"column":27}},"loc":{"start":{"line":59,"column":32},"end":{"line":59,"column":81}},"line":59},"6":{"name":"(anonymous_6)","decl":{"start":{"line":61,"column":26},"end":{"line":61,"column":27}},"loc":{"start":{"line":61,"column":41},"end":{"line":61,"column":110}},"line":61},"7":{"name":"(anonymous_7)","decl":{"start":{"line":63,"column":22},"end":{"line":63,"column":23}},"loc":{"start":{"line":63,"column":28},"end":{"line":63,"column":226}},"line":63},"8":{"name":"(anonymous_8)","decl":{"start":{"line":63,"column":201},"end":{"line":63,"column":202}},"loc":{"start":{"line":63,"column":207},"end":{"line":63,"column":225}},"line":63},"9":{"name":"(anonymous_9)","decl":{"start":{"line":65,"column":18},"end":{"line":65,"column":19}},"loc":{"start":{"line":65,"column":24},"end":{"line":69,"column":5}},"line":65},"10":{"name":"(anonymous_10)","decl":{"start":{"line":71,"column":24},"end":{"line":71,"column":25}},"loc":{"start":{"line":71,"column":34},"end":{"line":74,"column":5}},"line":71},"11":{"name":"(anonymous_11)","decl":{"start":{"line":76,"column":4},"end":{"line":76,"column":5}},"loc":{"start":{"line":76,"column":13},"end":{"line":162,"column":5}},"line":76},"12":{"name":"(anonymous_12)","decl":{"start":{"line":82,"column":32},"end":{"line":82,"column":33}},"loc":{"start":{"line":82,"column":38},"end":{"line":84,"column":17}},"line":82},"13":{"name":"(anonymous_13)","decl":{"start":{"line":88,"column":49},"end":{"line":88,"column":50}},"loc":{"start":{"line":88,"column":59},"end":{"line":88,"column":93}},"line":88},"14":{"name":"(anonymous_14)","decl":{"start":{"line":93,"column":41},"end":{"line":93,"column":42}},"loc":{"start":{"line":93,"column":47},"end":{"line":95,"column":33}},"line":93},"15":{"name":"(anonymous_15)","decl":{"start":{"line":109,"column":41},"end":{"line":109,"column":42}},"loc":{"start":{"line":109,"column":47},"end":{"line":112,"column":33}},"line":109},"16":{"name":"(anonymous_16)","decl":{"start":{"line":125,"column":41},"end":{"line":125,"column":42}},"loc":{"start":{"line":125,"column":47},"end":{"line":129,"column":33}},"line":125},"17":{"name":"(anonymous_17)","decl":{"start":{"line":136,"column":41},"end":{"line":136,"column":42}},"loc":{"start":{"line":136,"column":47},"end":{"line":136,"column":65}},"line":136},"18":{"name":"(anonymous_18)","decl":{"start":{"line":147,"column":36},"end":{"line":147,"column":37}},"loc":{"start":{"line":147,"column":42},"end":{"line":149,"column":21}},"line":147},"19":{"name":"(anonymous_19)","decl":{"start":{"line":154,"column":39},"end":{"line":154,"column":40}},"loc":{"start":{"line":154,"column":45},"end":{"line":156,"column":34}},"line":154}},"branchMap":{"0":{"loc":{"start":{"line":41,"column":8},"end":{"line":49,"column":9}},"type":"if","locations":[{"start":{"line":41,"column":8},"end":{"line":49,"column":9}},{"start":{"line":41,"column":8},"end":{"line":49,"column":9}}],"line":41},"1":{"loc":{"start":{"line":41,"column":12},"end":{"line":44,"column":56}},"type":"binary-expr","locations":[{"start":{"line":41,"column":12},"end":{"line":41,"column":61}},{"start":{"line":42,"column":15},"end":{"line":42,"column":78}},{"start":{"line":43,"column":15},"end":{"line":43,"column":90}},{"start":{"line":44,"column":15},"end":{"line":44,"column":56}}],"line":41},"2":{"loc":{"start":{"line":110,"column":36},"end":{"line":111,"column":103}},"type":"if","locations":[{"start":{"line":110,"column":36},"end":{"line":111,"column":103}},{"start":{"line":110,"column":36},"end":{"line":111,"column":103}}],"line":110},"3":{"loc":{"start":{"line":126,"column":36},"end":{"line":128,"column":64}},"type":"if","locations":[{"start":{"line":126,"column":36},"end":{"line":128,"column":64}},{"start":{"line":126,"column":36},"end":{"line":128,"column":64}}],"line":126},"4":{"loc":{"start":{"line":127,"column":41},"end":{"line":128,"column":64}},"type":"if","locations":[{"start":{"line":127,"column":41},"end":{"line":128,"column":64}},{"start":{"line":127,"column":41},"end":{"line":128,"column":64}}],"line":127}},"s":{"0":2,"1":1,"2":1,"3":1,"4":1,"5":0,"6":0,"7":0,"8":0,"9":0,"10":0,"11":0,"12":0,"13":0,"14":0,"15":0,"16":0,"17":0,"18":1,"19":0,"20":0,"21":0,"22":0,"23":0,"24":0,"25":0,"26":0,"27":0,"28":0,"29":0,"30":0,"31":0,"32":0},"f":{"0":1,"1":1,"2":0,"3":0,"4":0,"5":0,"6":0,"7":0,"8":0,"9":0,"10":0,"11":1,"12":0,"13":0,"14":0,"15":0,"16":0,"17":0,"18":0,"19":0},"b":{"0":[1,0],"1":[1,0,0,0],"2":[0,0],"3":[0,0],"4":[0,0]},"_coverageSchema":"332fd63041d2c1bcb487cc26dd0d5f7d97098a6c","hash":"524c5eff5c59090448f5752980b43ffab12d5282"}
,"/home/something/Documents/repos/it2810-webutvikling-h18-prosjekt-3-gruppe--57/components/ModalWelcome.js": {"path":"/home/something/Documents/repos/it2810-webutvikling-h18-prosjekt-3-gruppe--57/components/ModalWelcome.js","statementMap":{"0":{"start":{"line":12,"column":20},"end":{"line":12,"column":50}},"1":{"start":{"line":14,"column":15},"end":{"line":14,"column":29}},"2":{"start":{"line":18,"column":8},"end":{"line":18,"column":21}},"3":{"start":{"line":19,"column":8},"end":{"line":21,"column":10}},"4":{"start":{"line":28,"column":8},"end":{"line":30,"column":9}},"5":{"start":{"line":29,"column":12},"end":{"line":29,"column":61}},"6":{"start":{"line":31,"column":8},"end":{"line":31,"column":27}},"7":{"start":{"line":35,"column":8},"end":{"line":80,"column":10}},"8":{"start":{"line":41,"column":20},"end":{"line":41,"column":47}},"9":{"start":{"line":72,"column":36},"end":{"line":72,"column":63}}},"fnMap":{"0":{"name":"(anonymous_0)","decl":{"start":{"line":17,"column":4},"end":{"line":17,"column":5}},"loc":{"start":{"line":17,"column":23},"end":{"line":22,"column":5}},"line":17},"1":{"name":"(anonymous_1)","decl":{"start":{"line":27,"column":4},"end":{"line":27,"column":5}},"loc":{"start":{"line":27,"column":58},"end":{"line":32,"column":5}},"line":27},"2":{"name":"(anonymous_2)","decl":{"start":{"line":34,"column":4},"end":{"line":34,"column":5}},"loc":{"start":{"line":34,"column":13},"end":{"line":81,"column":5}},"line":34},"3":{"name":"(anonymous_3)","decl":{"start":{"line":40,"column":32},"end":{"line":40,"column":33}},"loc":{"start":{"line":40,"column":38},"end":{"line":42,"column":17}},"line":40},"4":{"name":"(anonymous_4)","decl":{"start":{"line":71,"column":41},"end":{"line":71,"column":42}},"loc":{"start":{"line":71,"column":47},"end":{"line":73,"column":33}},"line":71}},"branchMap":{"0":{"loc":{"start":{"line":28,"column":8},"end":{"line":30,"column":9}},"type":"if","locations":[{"start":{"line":28,"column":8},"end":{"line":30,"column":9}},{"start":{"line":28,"column":8},"end":{"line":30,"column":9}}],"line":28}},"s":{"0":1,"1":1,"2":1,"3":1,"4":1,"5":1,"6":0,"7":1,"8":0,"9":0},"f":{"0":1,"1":1,"2":1,"3":0,"4":0},"b":{"0":[1,0]},"_coverageSchema":"332fd63041d2c1bcb487cc26dd0d5f7d97098a6c","hash":"45677cb2de19c90e03fcd736d2f25d15b259eaac"}
,"/home/something/Documents/repos/it2810-webutvikling-h18-prosjekt-3-gruppe--57/components/Score.js": {"path":"/home/something/Documents/repos/it2810-webutvikling-h18-prosjekt-3-gruppe--57/components/Score.js","statementMap":{"0":{"start":{"line":7,"column":31},"end":{"line":7,"column":35}},"1":{"start":{"line":8,"column":31},"end":{"line":8,"column":35}},"2":{"start":{"line":9,"column":31},"end":{"line":9,"column":35}},"3":{"start":{"line":10,"column":28},"end":{"line":10,"column":32}},"4":{"start":{"line":11,"column":24},"end":{"line":11,"column":28}},"5":{"start":{"line":12,"column":21},"end":{"line":12,"column":26}},"6":{"start":{"line":13,"column":21},"end":{"line":13,"column":22}},"7":{"start":{"line":15,"column":8},"end":{"line":31,"column":9}},"8":{"start":{"line":16,"column":29},"end":{"line":16,"column":58}},"9":{"start":{"line":17,"column":12},"end":{"line":17,"column":39}},"10":{"start":{"line":17,"column":26},"end":{"line":17,"column":39}},"11":{"start":{"line":18,"column":12},"end":{"line":18,"column":58}},"12":{"start":{"line":18,"column":33},"end":{"line":18,"column":58}},"13":{"start":{"line":19,"column":12},"end":{"line":19,"column":58}},"14":{"start":{"line":19,"column":33},"end":{"line":19,"column":58}},"15":{"start":{"line":20,"column":12},"end":{"line":20,"column":54}},"16":{"start":{"line":20,"column":32},"end":{"line":20,"column":54}},"17":{"start":{"line":21,"column":12},"end":{"line":21,"column":57}},"18":{"start":{"line":22,"column":12},"end":{"line":23,"column":35}},"19":{"start":{"line":22,"column":24},"end":{"line":22,"column":38}},"20":{"start":{"line":23,"column":17},"end":{"line":23,"column":35}},"21":{"start":{"line":24,"column":12},"end":{"line":24,"column":35}},"22":{"start":{"line":25,"column":25},"end":{"line":25,"column":77}},"23":{"start":{"line":26,"column":12},"end":{"line":26,"column":33}},"24":{"start":{"line":27,"column":12},"end":{"line":27,"column":70}},"25":{"start":{"line":28,"column":12},"end":{"line":28,"column":55}},"26":{"start":{"line":30,"column":12},"end":{"line":30,"column":67}},"27":{"start":{"line":36,"column":8},"end":{"line":48,"column":9}},"28":{"start":{"line":37,"column":29},"end":{"line":37,"column":58}},"29":{"start":{"line":38,"column":12},"end":{"line":45,"column":30}},"30":{"start":{"line":39,"column":16},"end":{"line":39,"column":40}},"31":{"start":{"line":40,"column":16},"end":{"line":40,"column":62}},"32":{"start":{"line":41,"column":18},"end":{"line":45,"column":30}},"33":{"start":{"line":42,"column":16},"end":{"line":42,"column":40}},"34":{"start":{"line":43,"column":16},"end":{"line":43,"column":62}},"35":{"start":{"line":45,"column":17},"end":{"line":45,"column":30}},"36":{"start":{"line":47,"column":12},"end":{"line":47,"column":69}},"37":{"start":{"line":52,"column":8},"end":{"line":58,"column":9}},"38":{"start":{"line":53,"column":27},"end":{"line":53,"column":56}},"39":{"start":{"line":54,"column":12},"end":{"line":54,"column":35}},"40":{"start":{"line":55,"column":12},"end":{"line":55,"column":58}},"41":{"start":{"line":57,"column":12},"end":{"line":57,"column":75}},"42":{"start":{"line":63,"column":14},"end":{"line":63,"column":25}}},"fnMap":{"0":{"name":"(anonymous_0)","decl":{"start":{"line":6,"column":4},"end":{"line":6,"column":5}},"loc":{"start":{"line":6,"column":39},"end":{"line":32,"column":5}},"line":6},"1":{"name":"(anonymous_1)","decl":{"start":{"line":35,"column":4},"end":{"line":35,"column":5}},"loc":{"start":{"line":35,"column":35},"end":{"line":49,"column":5}},"line":35},"2":{"name":"(anonymous_2)","decl":{"start":{"line":51,"column":4},"end":{"line":51,"column":5}},"loc":{"start":{"line":51,"column":31},"end":{"line":59,"column":5}},"line":51}},"branchMap":{"0":{"loc":{"start":{"line":6,"column":26},"end":{"line":6,"column":38}},"type":"default-arg","locations":[{"start":{"line":6,"column":33},"end":{"line":6,"column":38}}],"line":6},"1":{"loc":{"start":{"line":17,"column":12},"end":{"line":17,"column":39}},"type":"if","locations":[{"start":{"line":17,"column":12},"end":{"line":17,"column":39}},{"start":{"line":17,"column":12},"end":{"line":17,"column":39}}],"line":17},"2":{"loc":{"start":{"line":18,"column":12},"end":{"line":18,"column":58}},"type":"if","locations":[{"start":{"line":18,"column":12},"end":{"line":18,"column":58}},{"start":{"line":18,"column":12},"end":{"line":18,"column":58}}],"line":18},"3":{"loc":{"start":{"line":19,"column":12},"end":{"line":19,"column":58}},"type":"if","locations":[{"start":{"line":19,"column":12},"end":{"line":19,"column":58}},{"start":{"line":19,"column":12},"end":{"line":19,"column":58}}],"line":19},"4":{"loc":{"start":{"line":20,"column":12},"end":{"line":20,"column":54}},"type":"if","locations":[{"start":{"line":20,"column":12},"end":{"line":20,"column":54}},{"start":{"line":20,"column":12},"end":{"line":20,"column":54}}],"line":20},"5":{"loc":{"start":{"line":22,"column":12},"end":{"line":23,"column":35}},"type":"if","locations":[{"start":{"line":22,"column":12},"end":{"line":23,"column":35}},{"start":{"line":22,"column":12},"end":{"line":23,"column":35}}],"line":22},"6":{"loc":{"start":{"line":38,"column":12},"end":{"line":45,"column":30}},"type":"if","locations":[{"start":{"line":38,"column":12},"end":{"line":45,"column":30}},{"start":{"line":38,"column":12},"end":{"line":45,"column":30}}],"line":38},"7":{"loc":{"start":{"line":41,"column":18},"end":{"line":45,"column":30}},"type":"if","locations":[{"start":{"line":41,"column":18},"end":{"line":45,"column":30}},{"start":{"line":41,"column":18},"end":{"line":45,"column":30}}],"line":41}},"s":{"0":1,"1":1,"2":1,"3":1,"4":1,"5":1,"6":1,"7":1,"8":1,"9":1,"10":0,"11":1,"12":0,"13":1,"14":0,"15":1,"16":1,"17":1,"18":1,"19":0,"20":1,"21":1,"22":1,"23":1,"24":1,"25":1,"26":0,"27":3,"28":3,"29":3,"30":1,"31":1,"32":2,"33":2,"34":2,"35":0,"36":0,"37":1,"38":1,"39":1,"40":1,"41":0,"42":8},"f":{"0":1,"1":3,"2":1},"b":{"0":[1],"1":[0,1],"2":[0,1],"3":[0,1],"4":[1,0],"5":[0,1],"6":[1,2],"7":[2,0]},"_coverageSchema":"332fd63041d2c1bcb487cc26dd0d5f7d97098a6c","hash":"3930d4e0e604bc9bd2a1f5004e6212fe12007a56"}
,"/home/something/Documents/repos/it2810-webutvikling-h18-prosjekt-3-gruppe--57/components/Storage.js": {"path":"/home/something/Documents/repos/it2810-webutvikling-h18-prosjekt-3-gruppe--57/components/Storage.js","statementMap":{"0":{"start":{"line":7,"column":8},"end":{"line":12,"column":9}},"1":{"start":{"line":8,"column":25},"end":{"line":8,"column":55}},"2":{"start":{"line":9,"column":12},"end":{"line":9,"column":36}},"3":{"start":{"line":11,"column":12},"end":{"line":11,"column":68}},"4":{"start":{"line":16,"column":8},"end":{"line":20,"column":9}},"5":{"start":{"line":17,"column":12},"end":{"line":17,"column":72}},"6":{"start":{"line":19,"column":12},"end":{"line":19,"column":68}},"7":{"start":{"line":24,"column":8},"end":{"line":33,"column":9}},"8":{"start":{"line":25,"column":23},"end":{"line":25,"column":72}},"9":{"start":{"line":26,"column":22},"end":{"line":26,"column":27}},"10":{"start":{"line":27,"column":12},"end":{"line":29,"column":15}},"11":{"start":{"line":28,"column":16},"end":{"line":28,"column":53}},"12":{"start":{"line":28,"column":39},"end":{"line":28,"column":53}},"13":{"start":{"line":30,"column":12},"end":{"line":30,"column":23}},"14":{"start":{"line":32,"column":12},"end":{"line":32,"column":72}},"15":{"start":{"line":37,"column":8},"end":{"line":52,"column":9}},"16":{"start":{"line":38,"column":25},"end":{"line":38,"column":74}},"17":{"start":{"line":39,"column":37},"end":{"line":39,"column":67}},"18":{"start":{"line":40,"column":29},"end":{"line":40,"column":30}},"19":{"start":{"line":41,"column":12},"end":{"line":43,"column":13}},"20":{"start":{"line":42,"column":16},"end":{"line":42,"column":100}},"21":{"start":{"line":44,"column":12},"end":{"line":49,"column":14}},"22":{"start":{"line":51,"column":12},"end":{"line":51,"column":80}},"23":{"start":{"line":56,"column":8},"end":{"line":68,"column":9}},"24":{"start":{"line":57,"column":25},"end":{"line":57,"column":74}},"25":{"start":{"line":58,"column":30},"end":{"line":60,"column":14}},"26":{"start":{"line":59,"column":16},"end":{"line":59,"column":63}},"27":{"start":{"line":61,"column":12},"end":{"line":63,"column":15}},"28":{"start":{"line":62,"column":16},"end":{"line":62,"column":106}},"29":{"start":{"line":64,"column":12},"end":{"line":64,"column":67}},"30":{"start":{"line":65,"column":12},"end":{"line":65,"column":29}},"31":{"start":{"line":67,"column":12},"end":{"line":67,"column":85}},"32":{"start":{"line":72,"column":8},"end":{"line":79,"column":9}},"33":{"start":{"line":73,"column":25},"end":{"line":73,"column":74}},"34":{"start":{"line":74,"column":12},"end":{"line":76,"column":15}},"35":{"start":{"line":75,"column":16},"end":{"line":75,"column":63}},"36":{"start":{"line":78,"column":12},"end":{"line":78,"column":88}},"37":{"start":{"line":86,"column":8},"end":{"line":93,"column":9}},"38":{"start":{"line":87,"column":23},"end":{"line":87,"column":72}},"39":{"start":{"line":88,"column":12},"end":{"line":88,"column":38}},"40":{"start":{"line":89,"column":22},"end":{"line":89,"column":77}},"41":{"start":{"line":90,"column":12},"end":{"line":90,"column":23}},"42":{"start":{"line":92,"column":12},"end":{"line":92,"column":72}},"43":{"start":{"line":98,"column":8},"end":{"line":110,"column":9}},"44":{"start":{"line":99,"column":25},"end":{"line":99,"column":74}},"45":{"start":{"line":100,"column":27},"end":{"line":100,"column":58}},"46":{"start":{"line":101,"column":25},"end":{"line":104,"column":13}},"47":{"start":{"line":105,"column":26},"end":{"line":105,"column":73}},"48":{"start":{"line":105,"column":56},"end":{"line":105,"column":72}},"49":{"start":{"line":106,"column":12},"end":{"line":106,"column":52}},"50":{"start":{"line":107,"column":12},"end":{"line":107,"column":75}},"51":{"start":{"line":109,"column":12},"end":{"line":109,"column":75}},"52":{"start":{"line":115,"column":8},"end":{"line":132,"column":9}},"53":{"start":{"line":116,"column":25},"end":{"line":116,"column":74}},"54":{"start":{"line":117,"column":29},"end":{"line":117,"column":55}},"55":{"start":{"line":118,"column":12},"end":{"line":124,"column":13}},"56":{"start":{"line":119,"column":16},"end":{"line":119,"column":39}},"57":{"start":{"line":120,"column":16},"end":{"line":120,"column":43}},"58":{"start":{"line":122,"column":16},"end":{"line":122,"column":40}},"59":{"start":{"line":123,"column":16},"end":{"line":123,"column":47}},"60":{"start":{"line":125,"column":12},"end":{"line":125,"column":112}},"61":{"start":{"line":125,"column":39},"end":{"line":125,"column":112}},"62":{"start":{"line":126,"column":12},"end":{"line":128,"column":15}},"63":{"start":{"line":127,"column":16},"end":{"line":127,"column":35}},"64":{"start":{"line":129,"column":12},"end":{"line":129,"column":75}},"65":{"start":{"line":131,"column":12},"end":{"line":131,"column":70}},"66":{"start":{"line":136,"column":21},"end":{"line":136,"column":34}}},"fnMap":{"0":{"name":"(anonymous_0)","decl":{"start":{"line":6,"column":4},"end":{"line":6,"column":5}},"loc":{"start":{"line":6,"column":22},"end":{"line":13,"column":5}},"line":6},"1":{"name":"(anonymous_1)","decl":{"start":{"line":15,"column":4},"end":{"line":15,"column":5}},"loc":{"start":{"line":15,"column":28},"end":{"line":21,"column":5}},"line":15},"2":{"name":"(anonymous_2)","decl":{"start":{"line":23,"column":4},"end":{"line":23,"column":5}},"loc":{"start":{"line":23,"column":26},"end":{"line":34,"column":5}},"line":23},"3":{"name":"(anonymous_3)","decl":{"start":{"line":27,"column":35},"end":{"line":27,"column":36}},"loc":{"start":{"line":27,"column":46},"end":{"line":29,"column":13}},"line":27},"4":{"name":"(anonymous_4)","decl":{"start":{"line":36,"column":4},"end":{"line":36,"column":5}},"loc":{"start":{"line":36,"column":33},"end":{"line":53,"column":5}},"line":36},"5":{"name":"(anonymous_5)","decl":{"start":{"line":55,"column":4},"end":{"line":55,"column":5}},"loc":{"start":{"line":55,"column":37},"end":{"line":69,"column":5}},"line":55},"6":{"name":"(anonymous_6)","decl":{"start":{"line":58,"column":50},"end":{"line":58,"column":51}},"loc":{"start":{"line":58,"column":60},"end":{"line":60,"column":13}},"line":58},"7":{"name":"(anonymous_7)","decl":{"start":{"line":61,"column":30},"end":{"line":61,"column":31}},"loc":{"start":{"line":61,"column":41},"end":{"line":63,"column":13}},"line":61},"8":{"name":"(anonymous_8)","decl":{"start":{"line":71,"column":4},"end":{"line":71,"column":5}},"loc":{"start":{"line":71,"column":40},"end":{"line":80,"column":5}},"line":71},"9":{"name":"(anonymous_9)","decl":{"start":{"line":74,"column":60},"end":{"line":74,"column":61}},"loc":{"start":{"line":74,"column":70},"end":{"line":76,"column":13}},"line":74},"10":{"name":"(anonymous_10)","decl":{"start":{"line":85,"column":4},"end":{"line":85,"column":5}},"loc":{"start":{"line":85,"column":28},"end":{"line":94,"column":5}},"line":85},"11":{"name":"(anonymous_11)","decl":{"start":{"line":97,"column":4},"end":{"line":97,"column":5}},"loc":{"start":{"line":97,"column":31},"end":{"line":111,"column":5}},"line":97},"12":{"name":"(anonymous_12)","decl":{"start":{"line":105,"column":51},"end":{"line":105,"column":52}},"loc":{"start":{"line":105,"column":56},"end":{"line":105,"column":72}},"line":105},"13":{"name":"(anonymous_13)","decl":{"start":{"line":114,"column":4},"end":{"line":114,"column":5}},"loc":{"start":{"line":114,"column":33},"end":{"line":133,"column":5}},"line":114},"14":{"name":"(anonymous_14)","decl":{"start":{"line":126,"column":51},"end":{"line":126,"column":52}},"loc":{"start":{"line":126,"column":65},"end":{"line":128,"column":13}},"line":126}},"branchMap":{"0":{"loc":{"start":{"line":28,"column":16},"end":{"line":28,"column":53}},"type":"if","locations":[{"start":{"line":28,"column":16},"end":{"line":28,"column":53}},{"start":{"line":28,"column":16},"end":{"line":28,"column":53}}],"line":28},"1":{"loc":{"start":{"line":41,"column":12},"end":{"line":43,"column":13}},"type":"if","locations":[{"start":{"line":41,"column":12},"end":{"line":43,"column":13}},{"start":{"line":41,"column":12},"end":{"line":43,"column":13}}],"line":41},"2":{"loc":{"start":{"line":62,"column":16},"end":{"line":62,"column":105}},"type":"cond-expr","locations":[{"start":{"line":62,"column":59},"end":{"line":62,"column":80}},{"start":{"line":62,"column":83},"end":{"line":62,"column":105}}],"line":62},"3":{"loc":{"start":{"line":118,"column":12},"end":{"line":124,"column":13}},"type":"if","locations":[{"start":{"line":118,"column":12},"end":{"line":124,"column":13}},{"start":{"line":118,"column":12},"end":{"line":124,"column":13}}],"line":118},"4":{"loc":{"start":{"line":125,"column":12},"end":{"line":125,"column":112}},"type":"if","locations":[{"start":{"line":125,"column":12},"end":{"line":125,"column":112}},{"start":{"line":125,"column":12},"end":{"line":125,"column":112}}],"line":125}},"s":{"0":29,"1":29,"2":29,"3":0,"4":12,"5":12,"6":0,"7":14,"8":14,"9":14,"10":14,"11":42,"12":14,"13":14,"14":0,"15":1,"16":1,"17":1,"18":1,"19":1,"20":1,"21":1,"22":0,"23":1,"24":1,"25":1,"26":3,"27":1,"28":3,"29":1,"30":1,"31":0,"32":1,"33":1,"34":1,"35":10,"36":0,"37":2,"38":2,"39":2,"40":2,"41":2,"42":0,"43":5,"44":5,"45":5,"46":5,"47":5,"48":8,"49":5,"50":5,"51":0,"52":2,"53":2,"54":2,"55":2,"56":1,"57":1,"58":1,"59":1,"60":2,"61":1,"62":1,"63":3,"64":1,"65":1,"66":8},"f":{"0":29,"1":12,"2":14,"3":42,"4":1,"5":1,"6":3,"7":3,"8":1,"9":10,"10":2,"11":5,"12":8,"13":2,"14":3},"b":{"0":[14,28],"1":[1,0],"2":[1,2],"3":[1,1],"4":[1,1]},"_coverageSchema":"332fd63041d2c1bcb487cc26dd0d5f7d97098a6c","hash":"abee8cdc07285028adef631468a638026b375174"}
,"/home/something/Documents/repos/it2810-webutvikling-h18-prosjekt-3-gruppe--57/components/StyledText.js": {"path":"/home/something/Documents/repos/it2810-webutvikling-h18-prosjekt-3-gruppe--57/components/StyledText.js","statementMap":{"0":{"start":{"line":6,"column":4},"end":{"line":6,"column":93}}},"fnMap":{"0":{"name":"(anonymous_0)","decl":{"start":{"line":5,"column":2},"end":{"line":5,"column":3}},"loc":{"start":{"line":5,"column":11},"end":{"line":7,"column":3}},"line":5}},"branchMap":{},"s":{"0":1},"f":{"0":1},"b":{},"_coverageSchema":"332fd63041d2c1bcb487cc26dd0d5f7d97098a6c","hash":"31f9d80c29c866cf349bdcb0cd792ae1493bad7a"}
,"/home/something/Documents/repos/it2810-webutvikling-h18-prosjekt-3-gruppe--57/components/Util.js": {"path":"/home/something/Documents/repos/it2810-webutvikling-h18-prosjekt-3-gruppe--57/components/Util.js","statementMap":{"0":{"start":{"line":16,"column":31},"end":{"line":16,"column":33}},"1":{"start":{"line":17,"column":26},"end":{"line":17,"column":28}},"2":{"start":{"line":18,"column":26},"end":{"line":18,"column":28}},"3":{"start":{"line":19,"column":30},"end":{"line":19,"column":32}},"4":{"start":{"line":20,"column":8},"end":{"line":22,"column":11}},"5":{"start":{"line":21,"column":12},"end":{"line":21,"column":70}},"6":{"start":{"line":23,"column":8},"end":{"line":25,"column":11}},"7":{"start":{"line":24,"column":12},"end":{"line":24,"column":70}},"8":{"start":{"line":26,"column":8},"end":{"line":28,"column":11}},"9":{"start":{"line":27,"column":12},"end":{"line":27,"column":70}},"10":{"start":{"line":29,"column":8},"end":{"line":31,"column":11}},"11":{"start":{"line":30,"column":12},"end":{"line":30,"column":84}},"12":{"start":{"line":32,"column":8},"end":{"line":40,"column":11}},"13":{"start":{"line":33,"column":12},"end":{"line":39,"column":13}},"14":{"start":{"line":34,"column":16},"end":{"line":34,"column":42}},"15":{"start":{"line":35,"column":16},"end":{"line":35,"column":61}},"16":{"start":{"line":37,"column":30},"end":{"line":37,"column":83}},"17":{"start":{"line":38,"column":16},"end":{"line":38,"column":93}},"18":{"start":{"line":41,"column":8},"end":{"line":41,"column":31}},"19":{"start":{"line":47,"column":34},"end":{"line":53,"column":9}},"20":{"start":{"line":54,"column":29},"end":{"line":54,"column":33}},"21":{"start":{"line":55,"column":8},"end":{"line":58,"column":9}},"22":{"start":{"line":56,"column":25},"end":{"line":56,"column":39}},"23":{"start":{"line":57,"column":12},"end":{"line":57,"column":115}},"24":{"start":{"line":59,"column":30},"end":{"line":59,"column":47}},"25":{"start":{"line":60,"column":18},"end":{"line":72,"column":9}},"26":{"start":{"line":73,"column":8},"end":{"line":73,"column":46}},"27":{"start":{"line":78,"column":20},"end":{"line":78,"column":81}},"28":{"start":{"line":79,"column":25},"end":{"line":79,"column":69}},"29":{"start":{"line":80,"column":8},"end":{"line":80,"column":28}},"30":{"start":{"line":85,"column":25},"end":{"line":85,"column":54}},"31":{"start":{"line":86,"column":8},"end":{"line":91,"column":9}},"32":{"start":{"line":87,"column":12},"end":{"line":87,"column":49}},"33":{"start":{"line":88,"column":12},"end":{"line":88,"column":32}},"34":{"start":{"line":90,"column":12},"end":{"line":90,"column":25}},"35":{"start":{"line":96,"column":25},"end":{"line":96,"column":93}},"36":{"start":{"line":97,"column":8},"end":{"line":102,"column":10}},"37":{"start":{"line":107,"column":25},"end":{"line":107,"column":54}},"38":{"start":{"line":108,"column":8},"end":{"line":113,"column":9}},"39":{"start":{"line":109,"column":12},"end":{"line":109,"column":49}},"40":{"start":{"line":110,"column":12},"end":{"line":110,"column":37}},"41":{"start":{"line":112,"column":12},"end":{"line":112,"column":25}},"42":{"start":{"line":118,"column":16},"end":{"line":118,"column":36}},"43":{"start":{"line":119,"column":8},"end":{"line":121,"column":9}},"44":{"start":{"line":120,"column":12},"end":{"line":120,"column":35}},"45":{"start":{"line":122,"column":8},"end":{"line":126,"column":11}},"46":{"start":{"line":123,"column":20},"end":{"line":123,"column":53}},"47":{"start":{"line":124,"column":12},"end":{"line":124,"column":35}},"48":{"start":{"line":125,"column":12},"end":{"line":125,"column":66}},"49":{"start":{"line":130,"column":22},"end":{"line":130,"column":29}},"50":{"start":{"line":131,"column":8},"end":{"line":131,"column":68}},"51":{"start":{"line":136,"column":13},"end":{"line":136,"column":23}}},"fnMap":{"0":{"name":"(anonymous_0)","decl":{"start":{"line":15,"column":4},"end":{"line":15,"column":5}},"loc":{"start":{"line":15,"column":30},"end":{"line":42,"column":5}},"line":15},"1":{"name":"(anonymous_1)","decl":{"start":{"line":20,"column":31},"end":{"line":20,"column":32}},"loc":{"start":{"line":20,"column":42},"end":{"line":22,"column":9}},"line":20},"2":{"name":"(anonymous_2)","decl":{"start":{"line":23,"column":28},"end":{"line":23,"column":29}},"loc":{"start":{"line":23,"column":39},"end":{"line":25,"column":9}},"line":23},"3":{"name":"(anonymous_3)","decl":{"start":{"line":26,"column":32},"end":{"line":26,"column":33}},"loc":{"start":{"line":26,"column":43},"end":{"line":28,"column":9}},"line":26},"4":{"name":"(anonymous_4)","decl":{"start":{"line":29,"column":33},"end":{"line":29,"column":34}},"loc":{"start":{"line":29,"column":44},"end":{"line":31,"column":9}},"line":29},"5":{"name":"(anonymous_5)","decl":{"start":{"line":32,"column":28},"end":{"line":32,"column":29}},"loc":{"start":{"line":32,"column":39},"end":{"line":40,"column":9}},"line":32},"6":{"name":"(anonymous_6)","decl":{"start":{"line":46,"column":4},"end":{"line":46,"column":5}},"loc":{"start":{"line":46,"column":86},"end":{"line":74,"column":5}},"line":46},"7":{"name":"(anonymous_7)","decl":{"start":{"line":77,"column":4},"end":{"line":77,"column":5}},"loc":{"start":{"line":77,"column":27},"end":{"line":81,"column":5}},"line":77},"8":{"name":"(anonymous_8)","decl":{"start":{"line":84,"column":4},"end":{"line":84,"column":5}},"loc":{"start":{"line":84,"column":23},"end":{"line":92,"column":5}},"line":84},"9":{"name":"(anonymous_9)","decl":{"start":{"line":95,"column":4},"end":{"line":95,"column":5}},"loc":{"start":{"line":95,"column":24},"end":{"line":103,"column":5}},"line":95},"10":{"name":"(anonymous_10)","decl":{"start":{"line":106,"column":4},"end":{"line":106,"column":5}},"loc":{"start":{"line":106,"column":26},"end":{"line":114,"column":5}},"line":106},"11":{"name":"(anonymous_11)","decl":{"start":{"line":117,"column":4},"end":{"line":117,"column":5}},"loc":{"start":{"line":117,"column":17},"end":{"line":127,"column":5}},"line":117},"12":{"name":"(anonymous_12)","decl":{"start":{"line":122,"column":71},"end":{"line":122,"column":72}},"loc":{"start":{"line":122,"column":84},"end":{"line":126,"column":9}},"line":122},"13":{"name":"(anonymous_13)","decl":{"start":{"line":129,"column":4},"end":{"line":129,"column":5}},"loc":{"start":{"line":129,"column":20},"end":{"line":132,"column":5}},"line":129}},"branchMap":{"0":{"loc":{"start":{"line":33,"column":12},"end":{"line":39,"column":13}},"type":"if","locations":[{"start":{"line":33,"column":12},"end":{"line":39,"column":13}},{"start":{"line":33,"column":12},"end":{"line":39,"column":13}}],"line":33},"1":{"loc":{"start":{"line":55,"column":8},"end":{"line":58,"column":9}},"type":"if","locations":[{"start":{"line":55,"column":8},"end":{"line":58,"column":9}},{"start":{"line":55,"column":8},"end":{"line":58,"column":9}}],"line":55},"2":{"loc":{"start":{"line":55,"column":12},"end":{"line":55,"column":72}},"type":"binary-expr","locations":[{"start":{"line":55,"column":12},"end":{"line":55,"column":49}},{"start":{"line":55,"column":53},"end":{"line":55,"column":72}}],"line":55},"3":{"loc":{"start":{"line":86,"column":8},"end":{"line":91,"column":9}},"type":"if","locations":[{"start":{"line":86,"column":8},"end":{"line":91,"column":9}},{"start":{"line":86,"column":8},"end":{"line":91,"column":9}}],"line":86},"4":{"loc":{"start":{"line":86,"column":11},"end":{"line":86,"column":35}},"type":"binary-expr","locations":[{"start":{"line":86,"column":11},"end":{"line":86,"column":19}},{"start":{"line":86,"column":23},"end":{"line":86,"column":35}}],"line":86},"5":{"loc":{"start":{"line":108,"column":8},"end":{"line":113,"column":9}},"type":"if","locations":[{"start":{"line":108,"column":8},"end":{"line":113,"column":9}},{"start":{"line":108,"column":8},"end":{"line":113,"column":9}}],"line":108},"6":{"loc":{"start":{"line":108,"column":12},"end":{"line":108,"column":41}},"type":"binary-expr","locations":[{"start":{"line":108,"column":12},"end":{"line":108,"column":20}},{"start":{"line":108,"column":24},"end":{"line":108,"column":41}}],"line":108},"7":{"loc":{"start":{"line":119,"column":8},"end":{"line":121,"column":9}},"type":"if","locations":[{"start":{"line":119,"column":8},"end":{"line":121,"column":9}},{"start":{"line":119,"column":8},"end":{"line":121,"column":9}}],"line":119},"8":{"loc":{"start":{"line":119,"column":12},"end":{"line":119,"column":87}},"type":"binary-expr","locations":[{"start":{"line":119,"column":12},"end":{"line":119,"column":46}},{"start":{"line":119,"column":50},"end":{"line":119,"column":87}}],"line":119},"9":{"loc":{"start":{"line":125,"column":20},"end":{"line":125,"column":51}},"type":"cond-expr","locations":[{"start":{"line":125,"column":32},"end":{"line":125,"column":33}},{"start":{"line":125,"column":36},"end":{"line":125,"column":51}}],"line":125},"10":{"loc":{"start":{"line":131,"column":15},"end":{"line":131,"column":67}},"type":"cond-expr","locations":[{"start":{"line":131,"column":55},"end":{"line":131,"column":59}},{"start":{"line":131,"column":62},"end":{"line":131,"column":67}}],"line":131}},"s":{"0":2,"1":2,"2":2,"3":2,"4":2,"5":6,"6":2,"7":6,"8":2,"9":6,"10":2,"11":18,"12":2,"13":18,"14":6,"15":6,"16":12,"17":12,"18":2,"19":1,"20":1,"21":1,"22":0,"23":0,"24":1,"25":1,"26":1,"27":0,"28":0,"29":0,"30":0,"31":0,"32":0,"33":0,"34":0,"35":0,"36":0,"37":1,"38":1,"39":1,"40":1,"41":0,"42":2,"43":2,"44":0,"45":2,"46":62,"47":62,"48":62,"49":6,"50":6,"51":8},"f":{"0":2,"1":6,"2":6,"3":6,"4":18,"5":18,"6":1,"7":0,"8":0,"9":0,"10":1,"11":2,"12":62,"13":6},"b":{"0":[6,12],"1":[0,1],"2":[1,0],"3":[0,0],"4":[0,0],"5":[1,0],"6":[1,1],"7":[0,2],"8":[2,0],"9":[60,2],"10":[2,4]},"_coverageSchema":"332fd63041d2c1bcb487cc26dd0d5f7d97098a6c","hash":"47fe3f04d6a48dbfe3f7f600c14a7027042babc3"}
,"/home/something/Documents/repos/it2810-webutvikling-h18-prosjekt-3-gruppe--57/constants/Colors.js": {"path":"/home/something/Documents/repos/it2810-webutvikling-h18-prosjekt-3-gruppe--57/constants/Colors.js","statementMap":{"0":{"start":{"line":2,"column":18},"end":{"line":2,"column":27}}},"fnMap":{},"branchMap":{},"s":{"0":6},"f":{},"b":{},"_coverageSchema":"332fd63041d2c1bcb487cc26dd0d5f7d97098a6c","hash":"f759eb9ee5190dccc7700fdf91a5cf541118c868"}
,"/home/something/Documents/repos/it2810-webutvikling-h18-prosjekt-3-gruppe--57/constants/Layout.js": {"path":"/home/something/Documents/repos/it2810-webutvikling-h18-prosjekt-3-gruppe--57/constants/Layout.js","statementMap":{"0":{"start":{"line":3,"column":14},"end":{"line":3,"column":44}},"1":{"start":{"line":4,"column":15},"end":{"line":4,"column":46}}},"fnMap":{},"branchMap":{},"s":{"0":6,"1":6},"f":{},"b":{},"_coverageSchema":"332fd63041d2c1bcb487cc26dd0d5f7d97098a6c","hash":"9e224c8e03b0ff57e2f01799a608030ddab7cad6"}
,"/home/something/Documents/repos/it2810-webutvikling-h18-prosjekt-3-gruppe--57/screens/Completed.js": {"path":"/home/something/Documents/repos/it2810-webutvikling-h18-prosjekt-3-gruppe--57/screens/Completed.js","statementMap":{"0":{"start":{"line":19,"column":15},"end":{"line":19,"column":29}},"1":{"start":{"line":23,"column":8},"end":{"line":23,"column":21}},"2":{"start":{"line":24,"column":8},"end":{"line":30,"column":10}},"3":{"start":{"line":28,"column":16},"end":{"line":28,"column":55}},"4":{"start":{"line":39,"column":8},"end":{"line":43,"column":11}},"5":{"start":{"line":40,"column":12},"end":{"line":42,"column":15}},"6":{"start":{"line":41,"column":16},"end":{"line":41,"column":47}},"7":{"start":{"line":47,"column":8},"end":{"line":109,"column":10}},"8":{"start":{"line":61,"column":32},"end":{"line":67,"column":62}},"9":{"start":{"line":76,"column":32},"end":{"line":95,"column":39}},"10":{"start":{"line":106,"column":35},"end":{"line":106,"column":69}}},"fnMap":{"0":{"name":"(anonymous_0)","decl":{"start":{"line":22,"column":4},"end":{"line":22,"column":5}},"loc":{"start":{"line":22,"column":23},"end":{"line":31,"column":5}},"line":22},"1":{"name":"(anonymous_1)","decl":{"start":{"line":27,"column":23},"end":{"line":27,"column":24}},"loc":{"start":{"line":27,"column":35},"end":{"line":29,"column":13}},"line":27},"2":{"name":"(anonymous_2)","decl":{"start":{"line":37,"column":4},"end":{"line":37,"column":5}},"loc":{"start":{"line":37,"column":30},"end":{"line":44,"column":5}},"line":37},"3":{"name":"(anonymous_3)","decl":{"start":{"line":39,"column":55},"end":{"line":39,"column":56}},"loc":{"start":{"line":39,"column":59},"end":{"line":43,"column":9}},"line":39},"4":{"name":"(anonymous_4)","decl":{"start":{"line":40,"column":55},"end":{"line":40,"column":56}},"loc":{"start":{"line":40,"column":62},"end":{"line":42,"column":13}},"line":40},"5":{"name":"(anonymous_5)","decl":{"start":{"line":46,"column":4},"end":{"line":46,"column":5}},"loc":{"start":{"line":46,"column":13},"end":{"line":110,"column":5}},"line":46},"6":{"name":"(anonymous_6)","decl":{"start":{"line":60,"column":53},"end":{"line":60,"column":54}},"loc":{"start":{"line":61,"column":32},"end":{"line":67,"column":62}},"line":61},"7":{"name":"(anonymous_7)","decl":{"start":{"line":75,"column":83},"end":{"line":75,"column":84}},"loc":{"start":{"line":76,"column":32},"end":{"line":95,"column":39}},"line":76},"8":{"name":"(anonymous_8)","decl":{"start":{"line":106,"column":29},"end":{"line":106,"column":30}},"loc":{"start":{"line":106,"column":35},"end":{"line":106,"column":69}},"line":106}},"branchMap":{"0":{"loc":{"start":{"line":57,"column":32},"end":{"line":57,"column":178}},"type":"cond-expr","locations":[{"start":{"line":57,"column":66},"end":{"line":57,"column":98}},{"start":{"line":57,"column":101},"end":{"line":57,"column":178}}],"line":57},"1":{"loc":{"start":{"line":61,"column":32},"end":{"line":67,"column":62}},"type":"cond-expr","locations":[{"start":{"line":62,"column":32},"end":{"line":67,"column":34}},{"start":{"line":67,"column":37},"end":{"line":67,"column":62}}],"line":61},"2":{"loc":{"start":{"line":75,"column":24},"end":{"line":102,"column":35}},"type":"cond-expr","locations":[{"start":{"line":75,"column":58},"end":{"line":96,"column":30}},{"start":{"line":97,"column":28},"end":{"line":102,"column":35}}],"line":75},"3":{"loc":{"start":{"line":81,"column":56},"end":{"line":81,"column":114}},"type":"cond-expr","locations":[{"start":{"line":81,"column":67},"end":{"line":81,"column":89}},{"start":{"line":81,"column":92},"end":{"line":81,"column":114}}],"line":81},"4":{"loc":{"start":{"line":85,"column":63},"end":{"line":85,"column":121}},"type":"cond-expr","locations":[{"start":{"line":85,"column":74},"end":{"line":85,"column":99}},{"start":{"line":85,"column":102},"end":{"line":85,"column":121}}],"line":85},"5":{"loc":{"start":{"line":88,"column":65},"end":{"line":88,"column":115}},"type":"cond-expr","locations":[{"start":{"line":88,"column":76},"end":{"line":88,"column":97}},{"start":{"line":88,"column":100},"end":{"line":88,"column":115}}],"line":88}},"s":{"0":1,"1":1,"2":1,"3":0,"4":0,"5":0,"6":0,"7":1,"8":0,"9":0,"10":0},"f":{"0":1,"1":0,"2":0,"3":0,"4":0,"5":1,"6":0,"7":0,"8":0},"b":{"0":[0,1],"1":[0,0],"2":[0,1],"3":[0,0],"4":[0,0],"5":[0,0]},"_coverageSchema":"332fd63041d2c1bcb487cc26dd0d5f7d97098a6c","hash":"bef0c46ef9443439c9eab52fc47b0dc6b22a9081"}
,"/home/something/Documents/repos/it2810-webutvikling-h18-prosjekt-3-gruppe--57/screens/HomeScreen.js": {"path":"/home/something/Documents/repos/it2810-webutvikling-h18-prosjekt-3-gruppe--57/screens/HomeScreen.js","statementMap":{"0":{"start":{"line":22,"column":15},"end":{"line":22,"column":29}},"1":{"start":{"line":23,"column":19},"end":{"line":23,"column":44}},"2":{"start":{"line":24,"column":20},"end":{"line":24,"column":46}},"3":{"start":{"line":25,"column":22},"end":{"line":25,"column":39}},"4":{"start":{"line":26,"column":20},"end":{"line":30,"column":1}},"5":{"start":{"line":29,"column":28},"end":{"line":29,"column":56}},"6":{"start":{"line":31,"column":32},"end":{"line":35,"column":1}},"7":{"start":{"line":34,"column":28},"end":{"line":34,"column":56}},"8":{"start":{"line":36,"column":13},"end":{"line":65,"column":1}},"9":{"start":{"line":66,"column":12},"end":{"line":66,"column":54}},"10":{"start":{"line":70,"column":8},"end":{"line":70,"column":21}},"11":{"start":{"line":71,"column":8},"end":{"line":80,"column":10}},"12":{"start":{"line":78,"column":16},"end":{"line":78,"column":55}},"13":{"start":{"line":88,"column":8},"end":{"line":97,"column":11}},"14":{"start":{"line":89,"column":12},"end":{"line":96,"column":15}},"15":{"start":{"line":90,"column":16},"end":{"line":95,"column":19}},"16":{"start":{"line":101,"column":8},"end":{"line":217,"column":10}}},"fnMap":{"0":{"name":"(anonymous_0)","decl":{"start":{"line":29,"column":11},"end":{"line":29,"column":12}},"loc":{"start":{"line":29,"column":28},"end":{"line":29,"column":56}},"line":29},"1":{"name":"(anonymous_1)","decl":{"start":{"line":34,"column":11},"end":{"line":34,"column":12}},"loc":{"start":{"line":34,"column":28},"end":{"line":34,"column":56}},"line":34},"2":{"name":"(anonymous_2)","decl":{"start":{"line":69,"column":4},"end":{"line":69,"column":5}},"loc":{"start":{"line":69,"column":23},"end":{"line":81,"column":5}},"line":69},"3":{"name":"(anonymous_3)","decl":{"start":{"line":77,"column":22},"end":{"line":77,"column":23}},"loc":{"start":{"line":77,"column":41},"end":{"line":79,"column":13}},"line":77},"4":{"name":"(anonymous_4)","decl":{"start":{"line":87,"column":4},"end":{"line":87,"column":5}},"loc":{"start":{"line":87,"column":30},"end":{"line":98,"column":5}},"line":87},"5":{"name":"(anonymous_5)","decl":{"start":{"line":88,"column":55},"end":{"line":88,"column":56}},"loc":{"start":{"line":88,"column":61},"end":{"line":97,"column":9}},"line":88},"6":{"name":"(anonymous_6)","decl":{"start":{"line":89,"column":48},"end":{"line":89,"column":49}},"loc":{"start":{"line":89,"column":55},"end":{"line":96,"column":13}},"line":89},"7":{"name":"(anonymous_7)","decl":{"start":{"line":100,"column":4},"end":{"line":100,"column":5}},"loc":{"start":{"line":100,"column":13},"end":{"line":218,"column":5}},"line":100}},"branchMap":{"0":{"loc":{"start":{"line":29,"column":12},"end":{"line":29,"column":23}},"type":"default-arg","locations":[{"start":{"line":29,"column":22},"end":{"line":29,"column":23}}],"line":29},"1":{"loc":{"start":{"line":34,"column":12},"end":{"line":34,"column":23}},"type":"default-arg","locations":[{"start":{"line":34,"column":22},"end":{"line":34,"column":23}}],"line":34}},"s":{"0":1,"1":1,"2":1,"3":1,"4":1,"5":0,"6":1,"7":0,"8":1,"9":1,"10":2,"11":2,"12":0,"13":1,"14":0,"15":0,"16":2},"f":{"0":0,"1":0,"2":2,"3":0,"4":1,"5":0,"6":0,"7":2},"b":{"0":[0],"1":[0]},"_coverageSchema":"332fd63041d2c1bcb487cc26dd0d5f7d97098a6c","hash":"c9a11f9b2ac7fd2e2817101858be8e0859db8133"}
,"/home/something/Documents/repos/it2810-webutvikling-h18-prosjekt-3-gruppe--57/screens/Reminders.js": {"path":"/home/something/Documents/repos/it2810-webutvikling-h18-prosjekt-3-gruppe--57/screens/Reminders.js","statementMap":{"0":{"start":{"line":20,"column":15},"end":{"line":20,"column":29}},"1":{"start":{"line":24,"column":8},"end":{"line":24,"column":21}},"2":{"start":{"line":25,"column":8},"end":{"line":41,"column":10}},"3":{"start":{"line":36,"column":16},"end":{"line":36,"column":55}},"4":{"start":{"line":39,"column":16},"end":{"line":39,"column":62}},"5":{"start":{"line":50,"column":8},"end":{"line":50,"column":70}},"6":{"start":{"line":51,"column":30},"end":{"line":51,"column":101}},"7":{"start":{"line":52,"column":36},"end":{"line":52,"column":89}},"8":{"start":{"line":53,"column":31},"end":{"line":53,"column":79}},"9":{"start":{"line":54,"column":8},"end":{"line":54,"column":209}},"10":{"start":{"line":55,"column":8},"end":{"line":55,"column":31}},"11":{"start":{"line":58,"column":30},"end":{"line":58,"column":177}},"12":{"start":{"line":60,"column":34},"end":{"line":60,"column":158}},"13":{"start":{"line":62,"column":22},"end":{"line":62,"column":103}},"14":{"start":{"line":62,"column":71},"end":{"line":62,"column":102}},"15":{"start":{"line":65,"column":8},"end":{"line":141,"column":10}},"16":{"start":{"line":80,"column":32},"end":{"line":100,"column":39}},"17":{"start":{"line":84,"column":64},"end":{"line":84,"column":86}},"18":{"start":{"line":111,"column":47},"end":{"line":111,"column":82}},"19":{"start":{"line":124,"column":36},"end":{"line":124,"column":102}},"20":{"start":{"line":133,"column":36},"end":{"line":133,"column":75}}},"fnMap":{"0":{"name":"(anonymous_0)","decl":{"start":{"line":23,"column":4},"end":{"line":23,"column":5}},"loc":{"start":{"line":23,"column":23},"end":{"line":42,"column":5}},"line":23},"1":{"name":"(anonymous_1)","decl":{"start":{"line":35,"column":22},"end":{"line":35,"column":23}},"loc":{"start":{"line":35,"column":41},"end":{"line":37,"column":13}},"line":35},"2":{"name":"(anonymous_2)","decl":{"start":{"line":38,"column":29},"end":{"line":38,"column":30}},"loc":{"start":{"line":38,"column":48},"end":{"line":40,"column":13}},"line":38},"3":{"name":"(anonymous_3)","decl":{"start":{"line":48,"column":4},"end":{"line":48,"column":5}},"loc":{"start":{"line":48,"column":30},"end":{"line":56,"column":5}},"line":48},"4":{"name":"(anonymous_4)","decl":{"start":{"line":58,"column":20},"end":{"line":58,"column":21}},"loc":{"start":{"line":58,"column":30},"end":{"line":58,"column":177}},"line":58},"5":{"name":"(anonymous_5)","decl":{"start":{"line":60,"column":22},"end":{"line":60,"column":23}},"loc":{"start":{"line":60,"column":34},"end":{"line":60,"column":158}},"line":60},"6":{"name":"(anonymous_6)","decl":{"start":{"line":62,"column":16},"end":{"line":62,"column":17}},"loc":{"start":{"line":62,"column":22},"end":{"line":62,"column":103}},"line":62},"7":{"name":"(anonymous_7)","decl":{"start":{"line":62,"column":62},"end":{"line":62,"column":63}},"loc":{"start":{"line":62,"column":71},"end":{"line":62,"column":102}},"line":62},"8":{"name":"(anonymous_8)","decl":{"start":{"line":64,"column":4},"end":{"line":64,"column":5}},"loc":{"start":{"line":64,"column":13},"end":{"line":142,"column":5}},"line":64},"9":{"name":"(anonymous_9)","decl":{"start":{"line":79,"column":83},"end":{"line":79,"column":84}},"loc":{"start":{"line":80,"column":32},"end":{"line":100,"column":39}},"line":80},"10":{"name":"(anonymous_10)","decl":{"start":{"line":83,"column":69},"end":{"line":83,"column":70}},"loc":{"start":{"line":83,"column":75},"end":{"line":85,"column":61}},"line":83},"11":{"name":"(anonymous_11)","decl":{"start":{"line":111,"column":41},"end":{"line":111,"column":42}},"loc":{"start":{"line":111,"column":47},"end":{"line":111,"column":82}},"line":111},"12":{"name":"(anonymous_12)","decl":{"start":{"line":123,"column":41},"end":{"line":123,"column":42}},"loc":{"start":{"line":123,"column":47},"end":{"line":125,"column":33}},"line":123},"13":{"name":"(anonymous_13)","decl":{"start":{"line":132,"column":41},"end":{"line":132,"column":42}},"loc":{"start":{"line":132,"column":47},"end":{"line":134,"column":33}},"line":132}},"branchMap":{"0":{"loc":{"start":{"line":58,"column":30},"end":{"line":58,"column":177}},"type":"cond-expr","locations":[{"start":{"line":58,"column":45},"end":{"line":58,"column":112}},{"start":{"line":58,"column":115},"end":{"line":58,"column":177}}],"line":58},"1":{"loc":{"start":{"line":60,"column":34},"end":{"line":60,"column":158}},"type":"cond-expr","locations":[{"start":{"line":60,"column":69},"end":{"line":60,"column":122}},{"start":{"line":60,"column":125},"end":{"line":60,"column":158}}],"line":60},"2":{"loc":{"start":{"line":79,"column":24},"end":{"line":107,"column":35}},"type":"cond-expr","locations":[{"start":{"line":79,"column":58},"end":{"line":101,"column":30}},{"start":{"line":102,"column":28},"end":{"line":107,"column":35}}],"line":79},"3":{"loc":{"start":{"line":87,"column":56},"end":{"line":87,"column":114}},"type":"cond-expr","locations":[{"start":{"line":87,"column":67},"end":{"line":87,"column":89}},{"start":{"line":87,"column":92},"end":{"line":87,"column":114}}],"line":87},"4":{"loc":{"start":{"line":90,"column":64},"end":{"line":90,"column":95}},"type":"cond-expr","locations":[{"start":{"line":90,"column":75},"end":{"line":90,"column":81}},{"start":{"line":90,"column":84},"end":{"line":90,"column":95}}],"line":90},"5":{"loc":{"start":{"line":93,"column":65},"end":{"line":93,"column":115}},"type":"cond-expr","locations":[{"start":{"line":93,"column":76},"end":{"line":93,"column":97}},{"start":{"line":93,"column":100},"end":{"line":93,"column":115}}],"line":93}},"s":{"0":1,"1":2,"2":2,"3":0,"4":0,"5":1,"6":0,"7":0,"8":0,"9":0,"10":0,"11":0,"12":0,"13":0,"14":0,"15":2,"16":0,"17":0,"18":0,"19":0,"20":0},"f":{"0":2,"1":0,"2":0,"3":1,"4":0,"5":0,"6":0,"7":0,"8":2,"9":0,"10":0,"11":0,"12":0,"13":0},"b":{"0":[0,0],"1":[0,0],"2":[0,2],"3":[0,0],"4":[0,0],"5":[0,0]},"_coverageSchema":"332fd63041d2c1bcb487cc26dd0d5f7d97098a6c","hash":"e555796f83b34ec99405b1c71f7ef1d706ec2285"}
,"/home/something/Documents/repos/it2810-webutvikling-h18-prosjekt-3-gruppe--57/styles/CompletedStyle.js": {"path":"/home/something/Documents/repos/it2810-webutvikling-h18-prosjekt-3-gruppe--57/styles/CompletedStyle.js","statementMap":{"0":{"start":{"line":5,"column":15},"end":{"line":78,"column":1}},"1":{"start":{"line":81,"column":4},"end":{"line":81,"column":55}}},"fnMap":{"0":{"name":"createStyles","decl":{"start":{"line":80,"column":24},"end":{"line":80,"column":36}},"loc":{"start":{"line":80,"column":53},"end":{"line":82,"column":1}},"line":80}},"branchMap":{"0":{"loc":{"start":{"line":80,"column":37},"end":{"line":80,"column":51}},"type":"default-arg","locations":[{"start":{"line":80,"column":49},"end":{"line":80,"column":51}}],"line":80}},"s":{"0":1,"1":1},"f":{"0":1},"b":{"0":[1]},"_coverageSchema":"332fd63041d2c1bcb487cc26dd0d5f7d97098a6c","hash":"5c7e084575a9b0486bf7189f594d4c037274ef16"}
,"/home/something/Documents/repos/it2810-webutvikling-h18-prosjekt-3-gruppe--57/styles/HomeScreenStyle.js": {"path":"/home/something/Documents/repos/it2810-webutvikling-h18-prosjekt-3-gruppe--57/styles/HomeScreenStyle.js","statementMap":{"0":{"start":{"line":6,"column":15},"end":{"line":69,"column":1}},"1":{"start":{"line":72,"column":4},"end":{"line":72,"column":55}}},"fnMap":{"0":{"name":"createStyles","decl":{"start":{"line":71,"column":24},"end":{"line":71,"column":36}},"loc":{"start":{"line":71,"column":53},"end":{"line":73,"column":1}},"line":71}},"branchMap":{"0":{"loc":{"start":{"line":71,"column":37},"end":{"line":71,"column":51}},"type":"default-arg","locations":[{"start":{"line":71,"column":49},"end":{"line":71,"column":51}}],"line":71}},"s":{"0":1,"1":1},"f":{"0":1},"b":{"0":[1]},"_coverageSchema":"332fd63041d2c1bcb487cc26dd0d5f7d97098a6c","hash":"9c07d24fded25df45bf41169b62b544e854aed49"}
,"/home/something/Documents/repos/it2810-webutvikling-h18-prosjekt-3-gruppe--57/styles/ModalInspectStyle.js": {"path":"/home/something/Documents/repos/it2810-webutvikling-h18-prosjekt-3-gruppe--57/styles/ModalInspectStyle.js","statementMap":{"0":{"start":{"line":5,"column":15},"end":{"line":55,"column":1}},"1":{"start":{"line":58,"column":4},"end":{"line":58,"column":55}}},"fnMap":{"0":{"name":"createStyles","decl":{"start":{"line":57,"column":24},"end":{"line":57,"column":36}},"loc":{"start":{"line":57,"column":53},"end":{"line":59,"column":1}},"line":57}},"branchMap":{"0":{"loc":{"start":{"line":57,"column":37},"end":{"line":57,"column":51}},"type":"default-arg","locations":[{"start":{"line":57,"column":49},"end":{"line":57,"column":51}}],"line":57}},"s":{"0":2,"1":2},"f":{"0":2},"b":{"0":[2]},"_coverageSchema":"332fd63041d2c1bcb487cc26dd0d5f7d97098a6c","hash":"cbdce5924ab2e4d2b8063bb1f7b64ddee4900f4d"}
,"/home/something/Documents/repos/it2810-webutvikling-h18-prosjekt-3-gruppe--57/styles/ModalNewReminderStyle.js": {"path":"/home/something/Documents/repos/it2810-webutvikling-h18-prosjekt-3-gruppe--57/styles/ModalNewReminderStyle.js","statementMap":{"0":{"start":{"line":5,"column":15},"end":{"line":55,"column":1}},"1":{"start":{"line":58,"column":4},"end":{"line":58,"column":55}}},"fnMap":{"0":{"name":"createStyles","decl":{"start":{"line":57,"column":24},"end":{"line":57,"column":36}},"loc":{"start":{"line":57,"column":53},"end":{"line":59,"column":1}},"line":57}},"branchMap":{"0":{"loc":{"start":{"line":57,"column":37},"end":{"line":57,"column":51}},"type":"default-arg","locations":[{"start":{"line":57,"column":49},"end":{"line":57,"column":51}}],"line":57}},"s":{"0":2,"1":2},"f":{"0":2},"b":{"0":[2]},"_coverageSchema":"332fd63041d2c1bcb487cc26dd0d5f7d97098a6c","hash":"d5e48f53bc9c0c980062212d489e714ec5b740ba"}
,"/home/something/Documents/repos/it2810-webutvikling-h18-prosjekt-3-gruppe--57/styles/ModalWelcomeStyle.js": {"path":"/home/something/Documents/repos/it2810-webutvikling-h18-prosjekt-3-gruppe--57/styles/ModalWelcomeStyle.js","statementMap":{"0":{"start":{"line":5,"column":15},"end":{"line":50,"column":1}},"1":{"start":{"line":53,"column":4},"end":{"line":53,"column":55}}},"fnMap":{"0":{"name":"createStyles","decl":{"start":{"line":52,"column":24},"end":{"line":52,"column":36}},"loc":{"start":{"line":52,"column":53},"end":{"line":54,"column":1}},"line":52}},"branchMap":{"0":{"loc":{"start":{"line":52,"column":37},"end":{"line":52,"column":51}},"type":"default-arg","locations":[{"start":{"line":52,"column":49},"end":{"line":52,"column":51}}],"line":52}},"s":{"0":1,"1":1},"f":{"0":1},"b":{"0":[1]},"_coverageSchema":"332fd63041d2c1bcb487cc26dd0d5f7d97098a6c","hash":"f793636b1a9a372f6d04a1b113d986f31a638a23"}
,"/home/something/Documents/repos/it2810-webutvikling-h18-prosjekt-3-gruppe--57/styles/ReminderStyle.js": {"path":"/home/something/Documents/repos/it2810-webutvikling-h18-prosjekt-3-gruppe--57/styles/ReminderStyle.js","statementMap":{"0":{"start":{"line":5,"column":15},"end":{"line":101,"column":1}},"1":{"start":{"line":104,"column":4},"end":{"line":104,"column":55}}},"fnMap":{"0":{"name":"createStyles","decl":{"start":{"line":103,"column":24},"end":{"line":103,"column":36}},"loc":{"start":{"line":103,"column":53},"end":{"line":105,"column":1}},"line":103}},"branchMap":{"0":{"loc":{"start":{"line":103,"column":37},"end":{"line":103,"column":51}},"type":"default-arg","locations":[{"start":{"line":103,"column":49},"end":{"line":103,"column":51}}],"line":103}},"s":{"0":1,"1":1},"f":{"0":1},"b":{"0":[1]},"_coverageSchema":"332fd63041d2c1bcb487cc26dd0d5f7d97098a6c","hash":"3e2d73c7c1f910b7a694298aeb2bbfb6e1248998"}
}
