TN:
SF:/home/something/Documents/repos/it2810-webutvikling-h18-prosjekt-3-gruppe--57/components/Cam.js
FN:11,(anonymous_0)
FN:21,(anonymous_1)
FN:28,(anonymous_2)
FN:33,(anonymous_3)
FN:36,(anonymous_4)
FN:44,(anonymous_5)
FN:45,(anonymous_6)
FN:54,(anonymous_7)
FNF:8
FNH:2
FNDA:1,(anonymous_0)
FNDA:0,(anonymous_1)
FNDA:1,(anonymous_2)
FNDA:0,(anonymous_3)
FNDA:0,(anonymous_4)
FNDA:0,(anonymous_5)
FNDA:0,(anonymous_6)
FNDA:0,(anonymous_7)
DA:6,2
DA:7,2
DA:12,1
DA:13,1
DA:22,0
DA:23,0
DA:24,0
DA:29,1
DA:30,1
DA:31,0
DA:33,0
DA:37,0
DA:45,0
DA:46,0
DA:47,0
DA:55,0
DA:68,1
DA:69,0
DA:72,1
DA:78,2
LF:20
LH:9
BRDA:22,0,0,0
BRDA:22,0,1,0
BRDA:30,1,0,0
BRDA:30,1,1,1
BRDA:56,2,0,0
BRDA:56,2,1,0
BRDA:68,3,0,0
BRDA:68,3,1,1
BRF:8
BRH:2
end_of_record
TN:
SF:/home/something/Documents/repos/it2810-webutvikling-h18-prosjekt-3-gruppe--57/components/ModalInspectReminder.js
FN:23,(anonymous_0)
FN:38,(anonymous_1)
FN:45,(anonymous_2)
FN:51,(anonymous_3)
FN:51,(anonymous_4)
FN:53,(anonymous_5)
FN:53,(anonymous_6)
FN:55,(anonymous_7)
FN:55,(anonymous_8)
FN:57,(anonymous_9)
FN:59,(anonymous_10)
FN:65,(anonymous_11)
FN:71,(anonymous_12)
FN:76,(anonymous_13)
FN:81,(anonymous_14)
FN:96,(anonymous_15)
FN:119,(anonymous_16)
FN:122,(anonymous_17)
FN:137,(anonymous_18)
FN:146,(anonymous_19)
FN:161,(anonymous_20)
FN:171,(anonymous_21)
FNF:22
FNH:3
FNDA:2,(anonymous_0)
FNDA:2,(anonymous_1)
FNDA:0,(anonymous_2)
FNDA:0,(anonymous_3)
FNDA:0,(anonymous_4)
FNDA:0,(anonymous_5)
FNDA:0,(anonymous_6)
FNDA:0,(anonymous_7)
FNDA:0,(anonymous_8)
FNDA:0,(anonymous_9)
FNDA:0,(anonymous_10)
FNDA:2,(anonymous_11)
FNDA:0,(anonymous_12)
FNDA:0,(anonymous_13)
FNDA:0,(anonymous_14)
FNDA:0,(anonymous_15)
FNDA:0,(anonymous_16)
FNDA:0,(anonymous_17)
FNDA:0,(anonymous_18)
FNDA:0,(anonymous_19)
FNDA:0,(anonymous_20)
FNDA:0,(anonymous_21)
DA:20,2
DA:24,2
DA:25,2
DA:39,2
DA:40,2
DA:42,0
DA:46,0
DA:47,0
DA:48,0
DA:51,0
DA:53,0
DA:55,0
DA:57,0
DA:60,0
DA:61,0
DA:62,0
DA:66,2
DA:72,0
DA:76,0
DA:82,0
DA:97,0
DA:120,0
DA:122,0
DA:123,0
DA:125,0
DA:126,0
DA:138,0
DA:146,0
DA:162,0
DA:163,0
DA:172,0
LF:31
LH:6
BRDA:39,0,0,2
BRDA:39,0,1,0
BRDA:39,1,0,2
BRDA:39,1,1,0
BRDA:51,2,0,0
BRDA:51,2,1,0
BRDA:53,3,0,0
BRDA:53,3,1,0
BRDA:55,4,0,0
BRDA:61,5,0,0
BRDA:61,5,1,0
BRDA:109,6,0,2
BRDA:109,6,1,0
BRDA:120,7,0,0
BRDA:120,7,1,0
BRDA:123,8,0,0
BRDA:123,8,1,0
BRF:17
BRH:3
end_of_record
TN:
SF:/home/something/Documents/repos/it2810-webutvikling-h18-prosjekt-3-gruppe--57/components/ModalNewReminder.js
FN:21,(anonymous_0)
FN:39,(anonymous_1)
FN:53,(anonymous_2)
FN:55,(anonymous_3)
FN:57,(anonymous_4)
FN:59,(anonymous_5)
FN:61,(anonymous_6)
FN:63,(anonymous_7)
FN:63,(anonymous_8)
FN:65,(anonymous_9)
FN:71,(anonymous_10)
FN:76,(anonymous_11)
FN:82,(anonymous_12)
FN:88,(anonymous_13)
FN:93,(anonymous_14)
FN:109,(anonymous_15)
FN:125,(anonymous_16)
FN:136,(anonymous_17)
FN:147,(anonymous_18)
FN:154,(anonymous_19)
FNF:20
FNH:3
FNDA:1,(anonymous_0)
FNDA:1,(anonymous_1)
FNDA:0,(anonymous_2)
FNDA:0,(anonymous_3)
FNDA:0,(anonymous_4)
FNDA:0,(anonymous_5)
FNDA:0,(anonymous_6)
FNDA:0,(anonymous_7)
FNDA:0,(anonymous_8)
FNDA:0,(anonymous_9)
FNDA:0,(anonymous_10)
FNDA:1,(anonymous_11)
FNDA:0,(anonymous_12)
FNDA:0,(anonymous_13)
FNDA:0,(anonymous_14)
FNDA:0,(anonymous_15)
FNDA:0,(anonymous_16)
FNDA:0,(anonymous_17)
FNDA:0,(anonymous_18)
FNDA:0,(anonymous_19)
DA:18,2
DA:22,1
DA:23,1
DA:41,1
DA:45,1
DA:50,0
DA:53,0
DA:55,0
DA:57,0
DA:59,0
DA:61,0
DA:63,0
DA:66,0
DA:67,0
DA:68,0
DA:72,0
DA:73,0
DA:77,1
DA:83,0
DA:88,0
DA:94,0
DA:110,0
DA:111,0
DA:126,0
DA:127,0
DA:128,0
DA:136,0
DA:148,0
DA:155,0
LF:29
LH:6
BRDA:41,0,0,1
BRDA:41,0,1,0
BRDA:41,1,0,1
BRDA:41,1,1,0
BRDA:41,1,2,0
BRDA:41,1,3,0
BRDA:110,2,0,0
BRDA:110,2,1,0
BRDA:126,3,0,0
BRDA:126,3,1,0
BRDA:127,4,0,0
BRDA:127,4,1,0
BRF:12
BRH:2
end_of_record
TN:
SF:/home/something/Documents/repos/it2810-webutvikling-h18-prosjekt-3-gruppe--57/components/ModalWelcome.js
FN:17,(anonymous_0)
FN:27,(anonymous_1)
FN:34,(anonymous_2)
FN:40,(anonymous_3)
FN:71,(anonymous_4)
FNF:5
FNH:3
FNDA:1,(anonymous_0)
FNDA:1,(anonymous_1)
FNDA:1,(anonymous_2)
FNDA:0,(anonymous_3)
FNDA:0,(anonymous_4)
DA:12,1
DA:14,1
DA:18,1
DA:19,1
DA:28,1
DA:29,1
DA:31,0
DA:35,1
DA:41,0
DA:72,0
LF:10
LH:7
BRDA:28,0,0,1
BRDA:28,0,1,0
BRF:2
BRH:1
end_of_record
TN:
SF:/home/something/Documents/repos/it2810-webutvikling-h18-prosjekt-3-gruppe--57/components/Score.js
FN:6,(anonymous_0)
FN:35,(anonymous_1)
FN:51,(anonymous_2)
FNF:3
FNH:3
FNDA:1,(anonymous_0)
FNDA:2,(anonymous_1)
FNDA:1,(anonymous_2)
DA:7,1
DA:8,1
DA:9,1
DA:10,1
DA:11,1
DA:12,1
DA:13,1
DA:15,1
DA:16,1
DA:17,1
DA:18,1
DA:19,1
DA:20,1
DA:21,1
DA:22,1
DA:23,1
DA:24,1
DA:25,1
DA:26,1
DA:27,1
DA:28,1
DA:30,0
DA:36,2
DA:37,2
DA:38,2
DA:39,1
DA:40,1
DA:41,1
DA:42,1
DA:43,1
DA:45,0
DA:47,0
DA:52,1
DA:53,1
DA:54,1
DA:55,1
DA:57,0
DA:63,8
LF:38
LH:34
BRDA:6,0,0,1
BRDA:17,1,0,0
BRDA:17,1,1,1
BRDA:18,2,0,0
BRDA:18,2,1,1
BRDA:19,3,0,0
BRDA:19,3,1,1
BRDA:20,4,0,1
BRDA:20,4,1,0
BRDA:22,5,0,0
BRDA:22,5,1,1
BRDA:38,6,0,1
BRDA:38,6,1,1
BRDA:41,7,0,1
BRDA:41,7,1,0
BRF:15
BRH:9
end_of_record
TN:
SF:/home/something/Documents/repos/it2810-webutvikling-h18-prosjekt-3-gruppe--57/components/Storage.js
FN:6,(anonymous_0)
FN:15,(anonymous_1)
FN:23,(anonymous_2)
FN:27,(anonymous_3)
FN:36,(anonymous_4)
FN:55,(anonymous_5)
FN:58,(anonymous_6)
FN:61,(anonymous_7)
FN:71,(anonymous_8)
FN:74,(anonymous_9)
FN:85,(anonymous_10)
FN:97,(anonymous_11)
FN:105,(anonymous_12)
FN:114,(anonymous_13)
FN:126,(anonymous_14)
FNF:15
FNH:15
FNDA:25,(anonymous_0)
FNDA:11,(anonymous_1)
FNDA:11,(anonymous_2)
FNDA:33,(anonymous_3)
FNDA:1,(anonymous_4)
FNDA:1,(anonymous_5)
FNDA:3,(anonymous_6)
FNDA:3,(anonymous_7)
FNDA:1,(anonymous_8)
FNDA:10,(anonymous_9)
FNDA:2,(anonymous_10)
FNDA:4,(anonymous_11)
FNDA:7,(anonymous_12)
FNDA:2,(anonymous_13)
FNDA:3,(anonymous_14)
DA:7,25
DA:8,25
DA:9,25
DA:11,0
DA:16,11
DA:17,11
DA:19,0
DA:24,11
DA:25,11
DA:26,11
DA:27,11
DA:28,33
DA:30,11
DA:32,0
DA:37,1
DA:38,1
DA:39,1
DA:40,1
DA:41,1
DA:42,1
DA:44,1
DA:51,0
DA:56,1
DA:57,1
DA:58,1
DA:59,3
DA:61,1
DA:62,3
DA:64,1
DA:65,1
DA:67,0
DA:72,1
DA:73,1
DA:74,1
DA:75,10
DA:78,0
DA:86,2
DA:87,2
DA:88,2
DA:89,2
DA:90,2
DA:92,0
DA:98,4
DA:99,4
DA:100,4
DA:101,4
DA:105,7
DA:106,4
DA:107,4
DA:109,0
DA:115,2
DA:116,2
DA:117,2
DA:118,2
DA:119,1
DA:120,1
DA:122,1
DA:123,1
DA:125,2
DA:126,1
DA:127,3
DA:129,1
DA:131,1
DA:136,8
LF:64
LH:56
BRDA:28,0,0,11
BRDA:28,0,1,22
BRDA:41,1,0,1
BRDA:41,1,1,0
BRDA:62,2,0,1
BRDA:62,2,1,2
BRDA:118,3,0,1
BRDA:118,3,1,1
BRDA:125,4,0,1
BRDA:125,4,1,1
BRF:10
BRH:9
end_of_record
TN:
SF:/home/something/Documents/repos/it2810-webutvikling-h18-prosjekt-3-gruppe--57/components/StyledText.js
FN:5,(anonymous_0)
FNF:1
FNH:1
FNDA:1,(anonymous_0)
DA:6,1
LF:1
LH:1
BRF:0
BRH:0
end_of_record
TN:
SF:/home/something/Documents/repos/it2810-webutvikling-h18-prosjekt-3-gruppe--57/components/Util.js
FN:15,(anonymous_0)
FN:20,(anonymous_1)
FN:23,(anonymous_2)
FN:26,(anonymous_3)
FN:29,(anonymous_4)
FN:32,(anonymous_5)
FN:46,(anonymous_6)
FN:77,(anonymous_7)
FN:84,(anonymous_8)
FN:95,(anonymous_9)
FN:106,(anonymous_10)
FN:117,(anonymous_11)
FN:122,(anonymous_12)
FN:129,(anonymous_13)
FNF:14
FNH:10
FNDA:2,(anonymous_0)
FNDA:6,(anonymous_1)
FNDA:6,(anonymous_2)
FNDA:6,(anonymous_3)
FNDA:18,(anonymous_4)
FNDA:18,(anonymous_5)
FNDA:1,(anonymous_6)
FNDA:0,(anonymous_7)
FNDA:0,(anonymous_8)
FNDA:0,(anonymous_9)
FNDA:0,(anonymous_10)
FNDA:2,(anonymous_11)
FNDA:62,(anonymous_12)
FNDA:6,(anonymous_13)
DA:16,2
DA:17,2
DA:18,2
DA:19,2
DA:20,2
DA:21,6
DA:23,2
DA:24,6
DA:26,2
DA:27,6
DA:29,2
DA:30,18
DA:32,2
DA:33,18
DA:34,6
DA:35,6
DA:37,12
DA:38,12
DA:41,2
DA:47,1
DA:54,1
DA:55,1
DA:56,0
DA:57,0
DA:59,1
DA:60,1
DA:73,1
DA:78,0
DA:79,0
DA:80,0
DA:85,0
DA:86,0
DA:87,0
DA:88,0
DA:90,0
DA:96,0
DA:97,0
DA:107,0
DA:108,0
DA:109,0
DA:110,0
DA:112,0
DA:118,2
DA:119,2
DA:120,0
DA:122,2
DA:123,62
DA:124,62
DA:125,62
DA:130,6
DA:131,6
DA:136,8
LF:52
LH:34
BRDA:33,0,0,6
BRDA:33,0,1,12
BRDA:55,1,0,0
BRDA:55,1,1,1
BRDA:55,2,0,1
BRDA:55,2,1,0
BRDA:86,3,0,0
BRDA:86,3,1,0
BRDA:86,4,0,0
BRDA:86,4,1,0
BRDA:108,5,0,0
BRDA:108,5,1,0
BRDA:108,6,0,0
BRDA:108,6,1,0
BRDA:119,7,0,0
BRDA:119,7,1,2
BRDA:119,8,0,2
BRDA:119,8,1,0
BRDA:125,9,0,60
BRDA:125,9,1,2
BRDA:131,10,0,2
BRDA:131,10,1,4
BRF:22
BRH:10
end_of_record
TN:
SF:/home/something/Documents/repos/it2810-webutvikling-h18-prosjekt-3-gruppe--57/constants/Colors.js
FNF:0
FNH:0
DA:2,6
LF:1
LH:1
BRF:0
BRH:0
end_of_record
TN:
SF:/home/something/Documents/repos/it2810-webutvikling-h18-prosjekt-3-gruppe--57/constants/Layout.js
FNF:0
FNH:0
DA:3,6
DA:4,6
LF:2
LH:2
BRF:0
BRH:0
end_of_record
TN:
SF:/home/something/Documents/repos/it2810-webutvikling-h18-prosjekt-3-gruppe--57/screens/Completed.js
FN:22,(anonymous_0)
FN:27,(anonymous_1)
FN:37,(anonymous_2)
FN:39,(anonymous_3)
FN:40,(anonymous_4)
FN:46,(anonymous_5)
FN:60,(anonymous_6)
FN:75,(anonymous_7)
FN:106,(anonymous_8)
FNF:9
FNH:2
FNDA:1,(anonymous_0)
FNDA:0,(anonymous_1)
FNDA:0,(anonymous_2)
FNDA:0,(anonymous_3)
FNDA:0,(anonymous_4)
FNDA:1,(anonymous_5)
FNDA:0,(anonymous_6)
FNDA:0,(anonymous_7)
FNDA:0,(anonymous_8)
DA:19,1
DA:23,1
DA:24,1
DA:28,0
DA:39,0
DA:40,0
DA:41,0
DA:47,1
DA:61,0
DA:76,0
DA:106,0
LF:11
LH:4
BRDA:57,0,0,0
BRDA:57,0,1,1
BRDA:61,1,0,0
BRDA:61,1,1,0
BRDA:75,2,0,0
BRDA:75,2,1,1
BRDA:81,3,0,0
BRDA:81,3,1,0
BRDA:85,4,0,0
BRDA:85,4,1,0
BRDA:88,5,0,0
BRDA:88,5,1,0
BRF:12
BRH:2
end_of_record
TN:
SF:/home/something/Documents/repos/it2810-webutvikling-h18-prosjekt-3-gruppe--57/screens/HomeScreen.js
FN:29,(anonymous_0)
FN:34,(anonymous_1)
FN:69,(anonymous_2)
FN:77,(anonymous_3)
FN:87,(anonymous_4)
FN:88,(anonymous_5)
FN:89,(anonymous_6)
FN:100,(anonymous_7)
FNF:8
FNH:3
FNDA:0,(anonymous_0)
FNDA:0,(anonymous_1)
FNDA:2,(anonymous_2)
FNDA:0,(anonymous_3)
FNDA:1,(anonymous_4)
FNDA:0,(anonymous_5)
FNDA:0,(anonymous_6)
FNDA:2,(anonymous_7)
DA:22,1
DA:23,1
DA:24,1
DA:25,1
DA:26,1
DA:29,0
DA:31,1
DA:34,0
DA:36,1
DA:66,1
DA:70,2
DA:71,2
DA:78,0
DA:88,1
DA:89,0
DA:90,0
DA:101,2
LF:17
LH:12
BRDA:29,0,0,0
BRDA:34,1,0,0
BRF:2
BRH:0
end_of_record
TN:
SF:/home/something/Documents/repos/it2810-webutvikling-h18-prosjekt-3-gruppe--57/screens/Reminders.js
FN:23,(anonymous_0)
FN:35,(anonymous_1)
FN:38,(anonymous_2)
FN:48,(anonymous_3)
FN:58,(anonymous_4)
FN:60,(anonymous_5)
FN:62,(anonymous_6)
FN:62,(anonymous_7)
FN:64,(anonymous_8)
FN:79,(anonymous_9)
FN:83,(anonymous_10)
FN:111,(anonymous_11)
FN:123,(anonymous_12)
FN:132,(anonymous_13)
FNF:14
FNH:3
FNDA:2,(anonymous_0)
FNDA:0,(anonymous_1)
FNDA:0,(anonymous_2)
FNDA:1,(anonymous_3)
FNDA:0,(anonymous_4)
FNDA:0,(anonymous_5)
FNDA:0,(anonymous_6)
FNDA:0,(anonymous_7)
FNDA:2,(anonymous_8)
FNDA:0,(anonymous_9)
FNDA:0,(anonymous_10)
FNDA:0,(anonymous_11)
FNDA:0,(anonymous_12)
FNDA:0,(anonymous_13)
DA:20,1
DA:24,2
DA:25,2
DA:36,0
DA:39,0
DA:50,1
DA:51,0
DA:52,0
DA:53,0
DA:54,0
DA:55,0
DA:58,0
DA:60,0
DA:62,0
DA:65,2
DA:80,0
DA:84,0
DA:111,0
DA:124,0
DA:133,0
LF:20
LH:5
BRDA:58,0,0,0
BRDA:58,0,1,0
BRDA:60,1,0,0
BRDA:60,1,1,0
BRDA:79,2,0,0
BRDA:79,2,1,2
BRDA:87,3,0,0
BRDA:87,3,1,0
BRDA:90,4,0,0
BRDA:90,4,1,0
BRDA:93,5,0,0
BRDA:93,5,1,0
BRF:12
BRH:1
end_of_record
TN:
SF:/home/something/Documents/repos/it2810-webutvikling-h18-prosjekt-3-gruppe--57/styles/CompletedStyle.js
FN:80,createStyles
FNF:1
FNH:1
FNDA:1,createStyles
DA:5,1
DA:81,1
LF:2
LH:2
BRDA:80,0,0,1
BRF:1
BRH:1
end_of_record
TN:
SF:/home/something/Documents/repos/it2810-webutvikling-h18-prosjekt-3-gruppe--57/styles/HomeScreenStyle.js
FN:71,createStyles
FNF:1
FNH:1
FNDA:1,createStyles
DA:6,1
DA:72,1
LF:2
LH:2
BRDA:71,0,0,1
BRF:1
BRH:1
end_of_record
TN:
SF:/home/something/Documents/repos/it2810-webutvikling-h18-prosjekt-3-gruppe--57/styles/ModalInspectStyle.js
FN:57,createStyles
FNF:1
FNH:1
FNDA:2,createStyles
DA:5,2
DA:58,2
LF:2
LH:2
BRDA:57,0,0,2
BRF:1
BRH:1
end_of_record
TN:
SF:/home/something/Documents/repos/it2810-webutvikling-h18-prosjekt-3-gruppe--57/styles/ModalNewReminderStyle.js
FN:57,createStyles
FNF:1
FNH:1
FNDA:2,createStyles
DA:5,2
DA:58,2
LF:2
LH:2
BRDA:57,0,0,2
BRF:1
BRH:1
end_of_record
TN:
SF:/home/something/Documents/repos/it2810-webutvikling-h18-prosjekt-3-gruppe--57/styles/ModalWelcomeStyle.js
FN:52,createStyles
FNF:1
FNH:1
FNDA:1,createStyles
DA:5,1
DA:53,1
LF:2
LH:2
BRDA:52,0,0,1
BRF:1
BRH:1
end_of_record
TN:
SF:/home/something/Documents/repos/it2810-webutvikling-h18-prosjekt-3-gruppe--57/styles/ReminderStyle.js
FN:103,createStyles
FNF:1
FNH:1
FNDA:1,createStyles
DA:5,1
DA:104,1
LF:2
LH:2
BRDA:103,0,0,1
BRF:1
BRH:1
end_of_record
